# Bundle file v0.3
110 715
0 0 0
0 0 0
0 0 0
0 0 0
0 0 0
0 0 0
0 0 0
0 0 0
0 0 0
0 0 0
0 0 0
0 0 0
0 0 0
0 0 0
0 0 0
0 0 0
0 0 0
0 0 0
0 0 0
0 0 0
0 0 0
0 0 0
0 0 0
0 0 0
0 0 0
0 0 0
0 0 0
0 0 0
0 0 0
0 0 0
0 0 0
0 0 0
0 0 0
0 0 0
0 0 0
0 0 0
0 0 0
0 0 0
0 0 0
0 0 0
0 0 0
0 0 0
0 0 0
0 0 0
0 0 0
0 0 0
0 0 0
0 0 0
0 0 0
0 0 0
0 0 0
0 0 0
0 0 0
0 0 0
0 0 0
0 0 0
0 0 0
0 0 0
0 0 0
0 0 0
0 0 0
0 0 0
0 0 0
0 0 0
0 0 0
0 0 0
0 0 0
0 0 0
0 0 0
0 0 0
0 0 0
0 0 0
0 0 0
0 0 0
0 0 0
0 0 0
0 0 0
0 0 0
0 0 0
0 0 0
0 0 0
0 0 0
0 0 0
0 0 0
0 0 0
1.4251659623e+03 -8.4166205359e-02 6.4432128314e-02
9.9749056607e-01 5.3460833651e-03 -7.0597379542e-02
-8.9887730528e-03 9.9863863657e-01 -5.1381665176e-02
7.0226580186e-02 5.1887310105e-02 9.9618067362e-01
2.5682291272e+00 1.4060443366e+00 -6.3015263410e+00
1.4471974492e+03 -9.0594928175e-02 6.1084449751e-02
9.9866207377e-01 -1.8296716482e-02 4.8366233872e-02
2.0474263308e-02 9.9878089701e-01 -4.4916859965e-02
-4.7485439400e-02 4.5847027527e-02 9.9781921364e-01
3.7982408771e+00 1.3875015725e+00 -6.2869425410e+00
1.4537476606e+03 -1.0832991555e-01 8.6659418650e-02
9.8225226845e-01 -6.7997720514e-02 1.7480500891e-01
7.0839570486e-02 9.9743697112e-01 -1.0062002367e-02
-1.7367278540e-01 2.2266536399e-02 9.8455165683e-01
4.5037155848e+00 1.4352278092e+00 -6.8171088088e+00
1.4459076971e+03 -1.1659948995e-01 1.1765570471e-01
9.5007928526e-01 -9.1420318213e-02 2.9831472832e-01
9.7601015171e-02 9.9520840462e-01 -5.8543327880e-03
-2.9635011988e-01 3.4677900635e-02 9.5444960561e-01
5.5096102223e+00 1.6487515125e+00 -7.2980880824e+00
0 0 0
0 0 0
0 0 0
0 0 0
0 0 0
0 0 0
0 0 0
0 0 0
0 0 0
0 0 0
0 0 0
0 0 0
0 0 0
0 0 0
0 0 0
0 0 0
0 0 0
0 0 0
0 0 0
0 0 0
0 0 0
0 0 0
0 0 0
0 0 0
0 0 0
0 0 0
0 0 0
0 0 0
0 0 0
0 0 0
0 0 0
0 0 0
0 0 0
0 0 0
0 0 0
0 0 0
0 0 0
0 0 0
0 0 0
0 0 0
0 0 0
0 0 0
0 0 0
0 0 0
0 0 0
0 0 0
0 0 0
0 0 0
0 0 0
0 0 0
0 0 0
0 0 0
0 0 0
0 0 0
0 0 0
0 0 0
0 0 0
0 0 0
0 0 0
0 0 0
0 0 0
0 0 0
0 0 0
0 0 0
0 0 0
0 0 0
0 0 0
0 0 0
0 0 0
0 0 0
0 0 0
0 0 0
0 0 0
0 0 0
0 0 0
0 0 0
0 0 0
0 0 0
0 0 0
0 0 0
0 0 0
0 0 0
0 0 0
0 0 0
0 0 0
0 0 0
0 0 0
0 0 0
0 0 0
0 0 0
0 0 0
0 0 0
0 0 0
0 0 0
0 0 0
0 0 0
0 0 0
0 0 0
0 0 0
0 0 0
0 0 0
0 0 0
0 0 0
0 0 0
0 0 0
0 0 0
0 0 0
0 0 0
0 0 0
0 0 0
0 0 0
0 0 0
0 0 0
0 0 0
0 0 0
0 0 0
0 0 0
0 0 0
0 0 0
0 0 0
0 0 0
0 0 0
0 0 0
0 0 0
0 0 0
0 0 0
0 0 0
0 0 0
0 0 0
0 0 0
0 0 0
0 0 0
0 0 0
0 0 0
0 0 0
0 0 0
0 0 0
0 0 0
0 0 0
0 0 0
0 0 0
0 0 0
0 0 0
0 0 0
0 0 0
0 0 0
0 0 0
0 0 0
0 0 0
0 0 0
0 0 0
0 0 0
0 0 0
0 0 0
0 0 0
0 0 0
0 0 0
0 0 0
0 0 0
0 0 0
0 0 0
0 0 0
0 0 0
0 0 0
0 0 0
0 0 0
0 0 0
0 0 0
0 0 0
0 0 0
0 0 0
0 0 0
0 0 0
0 0 0
0 0 0
0 0 0
0 0 0
0 0 0
0 0 0
0 0 0
0 0 0
0 0 0
0 0 0
0 0 0
0 0 0
0 0 0
0 0 0
0 0 0
0 0 0
0 0 0
0 0 0
0 0 0
0 0 0
0 0 0
0 0 0
0 0 0
0 0 0
0 0 0
0 0 0
0 0 0
0 0 0
0 0 0
0 0 0
0 0 0
0 0 0
0 0 0
0 0 0
0 0 0
0 0 0
0 0 0
0 0 0
0 0 0
0 0 0
0 0 0
0 0 0
0 0 0
0 0 0
0 0 0
0 0 0
0 0 0
0 0 0
0 0 0
0 0 0
0 0 0
0 0 0
0 0 0
0 0 0
0 0 0
0 0 0
0 0 0
0 0 0
0 0 0
0 0 0
0 0 0
0 0 0
0 0 0
0 0 0
0 0 0
0 0 0
0 0 0
0 0 0
0 0 0
0 0 0
0 0 0
0 0 0
0 0 0
0 0 0
0 0 0
0 0 0
0 0 0
0 0 0
0 0 0
0 0 0
0 0 0
0 0 0
0 0 0
0 0 0
0 0 0
0 0 0
0 0 0
0 0 0
0 0 0
0 0 0
0 0 0
0 0 0
0 0 0
0 0 0
0 0 0
0 0 0
0 0 0
0 0 0
0 0 0
0 0 0
0 0 0
0 0 0
0 0 0
0 0 0
0 0 0
0 0 0
0 0 0
0 0 0
0 0 0
0 0 0
0 0 0
0 0 0
0 0 0
0 0 0
0 0 0
0 0 0
0 0 0
0 0 0
0 0 0
0 0 0
0 0 0
0 0 0
0 0 0
0 0 0
0 0 0
0 0 0
0 0 0
0 0 0
0 0 0
0 0 0
0 0 0
0 0 0
0 0 0
0 0 0
0 0 0
0 0 0
0 0 0
0 0 0
0 0 0
0 0 0
0 0 0
0 0 0
0 0 0
0 0 0
0 0 0
0 0 0
0 0 0
0 0 0
0 0 0
0 0 0
0 0 0
0 0 0
0 0 0
0 0 0
0 0 0
0 0 0
0 0 0
0 0 0
0 0 0
0 0 0
0 0 0
0 0 0
0 0 0
0 0 0
0 0 0
0 0 0
0 0 0
0 0 0
0 0 0
0 0 0
0 0 0
0 0 0
0 0 0
0 0 0
0 0 0
0 0 0
0 0 0
0 0 0
0 0 0
0 0 0
0 0 0
0 0 0
0 0 0
0 0 0
0 0 0
0 0 0
0 0 0
0 0 0
0 0 0
0 0 0
0 0 0
0 0 0
0 0 0
0 0 0
0 0 0
0 0 0
0 0 0
0 0 0
0 0 0
0 0 0
0 0 0
0 0 0
0 0 0
0 0 0
0 0 0
0 0 0
0 0 0
0 0 0
0 0 0
0 0 0
0 0 0
0 0 0
0 0 0
0 0 0
0 0 0
0 0 0
0 0 0
0 0 0
0 0 0
0 0 0
0 0 0
0 0 0
0 0 0
0 0 0
0 0 0
0 0 0
0 0 0
0 0 0
0 0 0
0 0 0
0 0 0
0 0 0
0 0 0
0 0 0
0 0 0
0 0 0
0 0 0
0 0 0
0 0 0
0 0 0
0 0 0
0 0 0
0 0 0
0 0 0
0 0 0
0 0 0
0 0 0
0 0 0
0 0 0
0 0 0
0 0 0
0 0 0
0 0 0
0 0 0
0 0 0
0 0 0
0 0 0
0 0 0
0 0 0
0 0 0
0 0 0
0 0 0
0 0 0
0 0 0
0 0 0
0 0 0
0 0 0
0 0 0
0 0 0
0 0 0
0 0 0
0 0 0
-6.7681615730e+00 -1.1546279263e-02 -5.5083825742e+00
23 22 25
4 18 269 -404.3000 185.7900 19 247 -405.0100 130.4300 17 345 -436.5900 199.6500 20 137 -348.2700 137.6300
-5.8054467984e+01 5.7861427911e+01 -1.7979666048e+02
192 190 175
3 18 967 -503.0700 519.9900 19 941 -720.0200 465.7700 17 852 -319.3000 519.7200
-1.3469935066e+01 2.0574532991e+01 -6.3082136382e+01
130 128 100
4 18 2250 -275.9500 516.8800 19 2153 -456.3900 466.3000 17 1916 -128.7800 517.4600 20 1440 -628.2000 475.5500
-4.3411702714e-01 -4.7693725564e-01 -3.2984727662e+00
214 232 217
4 18 6644 480.2200 156.9200 19 3151 507.5100 138.1000 17 5451 347.6200 161.9300 20 6197 571.6400 158.6000
-5.5552930783e+01 5.8753222208e+01 -1.7512449258e+02
187 187 172
3 18 975 -494.1800 539.3300 19 953 -710.8400 485.8300 17 1260 -310.9100 538.2600
-5.5552930783e+01 5.8753222208e+01 -1.7512449258e+02
187 187 172
3 18 976 -494.1800 539.3300 19 954 -710.8400 485.8300 17 1261 -310.9100 538.2600
-1.3492153602e+01 2.0621184232e+01 -6.3236691261e+01
130 128 100
3 18 2251 -275.9500 516.8800 19 2154 -456.3900 466.3000 17 1917 -128.7800 517.4600
-1.3623202787e+01 2.0622532279e+01 -6.2914254468e+01
253 242 218
4 18 4028 -279.7600 518.8700 19 3581 -460.3400 468.3900 17 3246 -132.4000 519.5000 20 3788 -632.4000 477.7200
-7.2564317616e+00 -1.9764257547e-01 -5.7151554125e+00
181 191 195
3 18 403 -457.7700 159.7200 19 356 -463.8800 100.6100 17 479 -481.0600 176.5100
-2.2716988970e+00 -4.0573475700e-01 -3.9741068682e+00
149 164 172
3 18 95 190.8500 158.6000 19 89 224.9399 127.7100 17 138 79.2200 166.3600
-1.2538343799e+00 -3.5422045231e-01 -3.5704392993e+00
221 228 232
3 18 172 349.1000 171.2000 19 147 380.6400 145.7500 17 220 223.4800 178.7400
-6.9519160689e+00 1.0551506850e-01 -5.5457823319e+00
75 73 72
3 18 273 -426.3900 199.9700 19 253 -429.2000 143.3100 20 141 -375.7700 150.8600
-1.6117808107e+00 -5.1662356017e-01 -3.7508444603e+00
212 209 200
4 18 256 291.5900 145.7700 19 244 324.5400 118.6100 17 216 170.6500 154.5500 20 214 399.6200 136.1900
-2.1301883863e+00 -4.0778304912e-01 -3.8789193606e+00
66 68 72
4 18 402 213.8800 159.1400 19 369 247.9600 129.0800 17 335 98.2800 167.1900 20 526 327.2400 146.7000
-4.6190454105e+01 5.7583280471e+01 -1.6543704600e+02
247 245 233
3 18 700 -437.8000 557.5000 19 458 -650.3000 504.8900 17 610 -258.7600 556.6700
-6.8722821852e+00 -6.1139398295e-01 -5.6625041975e+00
204 208 212
3 18 790 -410.5900 110.1000 19 534 -410.8400 51.0000 20 506 -356.3700 53.7900
-1.1733026950e+00 -6.4146929887e-01 -3.6048444976e+00
162 170 181
4 18 569 359.7200 129.1300 19 548 391.9100 106.0600 17 469 233.9600 136.4700 20 518 463.4500 125.8000
-7.0567550468e+00 1.0031444363e-01 -5.5564581307e+00
253 254 251
3 18 413 -439.2500 198.7600 19 376 -442.8600 141.0500 17 492 -466.6100 213.2900
-4.8752733573e+01 5.9794006379e+01 -1.6166980060e+02
190 187 179
3 18 706 -468.8200 587.4200 19 686 -684.6800 536.0400 17 614 -287.5100 584.4600
-5.5805634778e-01 -1.4115667637e-01 -3.1955092654e+00
221 230 231
4 18 585 467.5699 208.4600 19 560 495.5000 187.1600 17 490 332.3900 212.9100 20 530 563.3800 205.9400
-6.1923388988e+00 -1.7321302588e-01 -5.2392061198e+00
121 137 146
3 18 582 -337.7800 169.6400 19 551 -328.9600 116.2800 17 715 -383.1000 183.9800
-1.4212413419e+00 3.4808666937e+01 -1.0880202821e+02
144 140 140
4 18 2252 -44.4000 518.5800 19 2158 -232.5400 471.5000 17 1920 112.5700 521.4100 20 2258 -407.8800 477.2700
3.4044349436e-01 3.4350778915e-01 -3.1963118294e+00
239 243 243
3 18 3473 596.6100 282.0600 19 5783 606.3101 261.4200 17 2842 468.1200 285.1600
1.1071577255e+01 3.0363150270e+01 -9.2569055109e+01
236 237 221
3 18 332 143.9900 528.1500 19 306 -41.7400 484.2400 17 281 296.7700 531.8400
-1.5011860903e+00 -6.4338696452e-01 -3.7835802172e+00
8 9 11
4 18 157 306.0500 127.1300 19 134 338.2800 101.6700 17 130 185.8500 135.1300 20 130 411.6000 120.9800
-1.5008913538e+00 -6.4387375177e-01 -3.7852156481e+00
8 9 11
3 18 158 306.0500 127.1300 19 135 338.2800 101.6700 17 131 185.8500 135.1300
-1.0026704174e+00 -3.9901833004e-01 -3.5212154076e+00
16 17 17
4 18 168 387.1400 165.7000 19 146 417.1100 142.5400 17 139 260.2700 171.7600 20 142 487.3300 161.4000
-6.9308999871e+00 -5.0664394321e-01 -5.6908754024e+00
18 20 22
3 18 250 -417.6000 122.5700 19 223 -418.8700 63.8000 17 320 -446.5600 141.9000
-7.2579232603e+00 -5.0140257685e-01 -5.8068145522e+00
249 250 252
3 18 392 -454.0100 121.9900 19 348 -459.6700 60.9000 17 321 -476.8200 142.0000
-7.2169802690e+00 -1.7761463829e-02 -5.6260610721e+00
225 232 236
3 18 409 -456.1800 182.9300 19 368 -462.1700 124.8900 20 212 -411.0900 130.2200
-3.9504701653e+01 4.9848940154e+01 -1.6049674539e+02
163 165 155
2 18 324 -389.1700 505.7200 19 300 -595.0200 452.0100
1.0752615232e+01 3.1447694389e+01 -8.9483845338e+01
182 180 175
4 18 699 145.4400 558.6600 19 681 -40.5800 515.0000 17 611 298.4800 562.8000 20 663 -207.9600 518.8700
-6.7785019792e+00 -2.6026988693e-01 -5.5512957234e+00
254 255 252
3 18 260 -403.4200 154.2300 19 235 -403.0600 97.1000 17 337 -436.0700 171.7500
-6.8722821852e+00 -6.1139398295e-01 -5.6625041975e+00
204 208 212
3 18 791 -410.5900 110.1000 19 535 -410.8400 51.0000 20 507 -356.3700 53.7900
-1.2678084113e+00 -6.7327514372e-01 -3.6456303195e+00
162 169 181
4 18 567 344.6100 124.2500 19 543 377.2700 100.4700 17 467 219.9800 131.8200 20 807 449.7000 119.9400
-2.4716602805e+00 -5.5555249507e-01 -4.2311481531e+00
67 68 68
2 18 794 157.4700 134.9700 19 802 188.6400 102.5800
-7.0201174545e+00 -5.8329002250e-01 -5.7355103025e+00
251 251 250
4 18 249 -427.0900 113.6900 19 221 -429.4000 52.8900 17 319 -454.0000 134.5200 20 200 -377.0800 53.8000
-6.7520495999e+00 -4.0195233615e-01 -5.6071351703e+00
43 44 46
4 18 254 -398.0500 136.8100 19 226 -397.6100 79.0800 17 328 -430.7400 154.6800 20 122 -342.3000 83.3300
-6.6470697732e+00 -8.2861069561e-02 -5.4576164335e+00
173 182 190
4 18 406 -390.4400 177.9000 19 366 -388.5700 122.4400 17 485 -425.3200 192.3900 20 211 -330.4000 129.3300
-7.2972450194e+00 -8.2677176594e-02 -5.7064575290e+00
26 26 30
4 18 267 -463.4800 173.7300 19 239 -470.8100 115.2700 17 339 -485.7600 189.0800 20 131 -421.4600 120.4200
-7.2972450194e+00 -8.2677176594e-02 -5.7064575290e+00
26 26 30
4 18 268 -463.4800 173.7300 19 240 -470.8100 115.2700 17 340 -485.7600 189.0800 20 132 -421.4600 120.4200
-6.8389846323e+00 9.3569328526e-02 -5.4513128656e+00
213 221 225
3 18 805 -414.8500 199.5000 19 810 -415.8400 143.8400 20 822 -359.1600 151.7500
-5.1615776194e+00 -1.3316038238e+00 1.0011209859e+01
77 67 78
2 18 1915 313.9399 180.0500 19 3150 -469.0200 136.5600
-4.5133949914e+00 6.6676589070e-01 -4.3593515344e+00
253 255 255
4 18 1210 -129.1500 298.9100 19 1196 -103.7200 255.7600 17 1036 -210.4100 304.0800 20 1232 -19.7700 270.2800
-5.3562672802e+01 5.9237198596e+01 -1.7199288531e+02
204 198 187
3 18 1417 -485.4700 551.7100 19 1404 -701.5000 498.9399 17 1266 -302.5800 550.6801
-7.4011024934e+00 -1.5187552991e-01 -5.7459890833e+00
252 251 249
3 18 1912 -474.5300 164.9600 19 1857 -482.6700 104.7000 20 1213 -435.2100 109.2200
-1.4703384045e+01 2.3915219471e+01 -6.2511968528e+01
94 90 81
3 18 7527 -305.0400 590.9399 19 3601 -489.7000 541.5500 17 6381 -155.4900 588.9100
-5.9420962558e+00 -5.1986039275e-01 -5.6084484566e+00
10 12 11
4 18 6 -295.8100 123.8600 19 6 -289.2400 71.2900 17 10 -342.7300 139.3400 20 4 -234.4500 78.0600
-1.2041955747e+00 -5.1750925656e-01 -3.6401943017e+00
166 177 183
3 18 23 353.5000 146.9400 19 21 384.3900 123.4900 17 19 229.4200 153.3100
-1.2448524137e+00 -5.9114151960e-01 -3.6089244910e+00
161 173 189
4 18 162 349.7900 136.2100 19 138 381.4200 112.5000 17 135 223.5900 143.8600 20 133 454.3700 132.0000
-1.2741908649e+00 -7.7268766432e-01 -3.6832730943e+00
158 167 175
4 18 248 342.2500 109.6900 19 232 375.0800 86.0500 17 211 218.5000 116.9900 20 206 447.0800 106.5600
-1.4450513970e+00 -5.5596920586e-01 -3.6770804132e+00
169 181 189
4 18 163 318.0400 140.4300 19 140 351.3400 115.3000 17 213 194.5500 148.2600 20 135 425.0400 134.6000
1.0019871408e+01 1.3520953837e+01 -4.5318937549e+01
250 247 236
3 18 315 316.2200 476.6600 19 443 149.7400 437.1200 17 266 444.0300 481.3101
9.9610736973e+00 1.4119838184e+01 -4.5390313459e+01
252 253 245
3 18 320 313.8400 492.5800 19 449 146.4600 453.0701 17 271 442.0200 497.2500
-1.2020862550e+00 -7.0735537751e-01 -3.6259714874e+00
125 129 126
3 18 388 355.0000 119.4100 19 355 387.1200 96.2500 17 314 229.4800 126.9900
-1.1244729146e+00 -5.9314370038e-01 -3.5683947935e+00
98 98 96
4 18 397 368.1600 136.4500 19 358 400.0000 113.5800 17 322 241.5800 143.6600 20 336 471.5900 133.2700
-1.3493459986e+00 -5.1067502351e-01 -3.6203013767e+00
132 137 135
4 18 399 333.5400 147.5000 19 364 366.6899 123.1600 17 326 209.0300 155.3400 20 340 440.4100 142.0100
-1.3493459986e+00 -5.1067502351e-01 -3.6203013767e+00
132 137 135
4 18 400 333.5400 147.5000 19 365 366.6899 123.1600 17 327 209.0300 155.3400 20 341 440.4100 142.0100
-1.0772317586e+00 -4.6527948865e-01 -3.5280519384e+00
237 238 240
3 18 580 376.3600 155.6600 19 807 407.5500 131.8700 17 477 249.2700 162.8600
-1.2174641503e+00 -4.6879598389e-01 -3.5607903657e+00
121 125 125
4 18 401 354.6700 154.6300 19 370 387.2200 130.4200 17 329 228.7400 161.8500 20 342 460.1300 149.5200
-7.3317595295e+00 -6.7103664154e-01 -5.7901666563e+00
129 122 116
3 18 387 -463.0200 101.1500 19 217 -467.9800 38.7700 17 313 -485.3000 122.9800
1.1646142028e+01 1.1256342656e+01 -4.0091777744e+01
211 209 122
3 18 923 409.1600 451.5900 19 903 244.2700 415.1700 17 813 533.4000 456.5300
-1.0579671520e+00 -1.0139701326e+00 -3.6945322163e+00
46 49 55
4 18 559 372.8900 75.3300 19 536 404.6000 54.0800 17 462 248.3400 83.2000 20 508 473.4399 75.2900
-8.4102295601e-01 -5.7409085784e-01 -3.4946463252e+00
41 48 54
3 18 574 411.9399 140.2400 19 552 441.5000 118.2500 17 703 283.7000 147.6000
-7.0432496369e+00 -4.8322863744e-01 -5.7303620206e+00
205 206 208
3 18 565 -430.2400 124.7800 19 349 -433.2100 66.4800 17 474 -457.1100 143.6100
-1.2946524586e+00 -2.3435249466e-01 -3.5507902856e+00
186 199 211
4 18 803 343.8199 188.9800 19 814 375.4301 163.5900 17 720 217.9800 195.0100 20 824 449.1000 181.8800
1.2710515679e+01 1.0856340264e+01 -3.8657066871e+01
111 113 61
3 18 922 457.0100 450.7000 19 901 290.9500 415.4400 17 812 581.8101 455.5400
1.1359285613e+01 1.1762115520e+01 -4.1272075058e+01
101 85 54
3 18 1361 389.1400 457.4299 19 1341 223.4100 420.7800 17 1204 513.8500 462.2000
1.1464479710e+01 8.8311031582e+00 -3.5418431614e+01
184 183 127
3 18 1288 456.6899 410.7400 19 1257 296.6200 377.3600 17 1143 574.8300 414.8200
9.6729856796e+00 9.5770408482e+00 -3.7491996281e+01
206 197 101
4 18 1296 374.7600 419.9400 19 1269 216.4200 384.0400 17 1151 493.1000 423.5300 20 2069 83.2600 387.2900
1.2623173638e+01 1.0164404982e+01 -3.7468519433e+01
113 110 57
3 18 2110 468.4800 438.3600 19 2051 303.7800 403.8500 17 1816 591.7800 442.9600
1.1620711451e+01 1.2620378624e+01 -4.2874388358e+01
248 247 141
3 18 2191 380.9700 469.9900 19 2107 214.2800 432.6000 17 1875 508.5601 474.7200
-2.0605342075e+00 -1.8610895715e-02 -3.6557318169e+00
187 207 212
4 18 1921 229.4100 218.1500 19 1872 264.7700 187.7600 17 1621 108.4600 224.5900 20 3365 346.9100 204.7800
-6.2591894153e+00 2.8767856026e-01 -5.0745623717e+00
168 190 206
3 18 1923 -351.8600 230.8500 19 1869 -343.3200 179.0300 17 1623 -397.6300 241.2200
9.4946493458e+00 1.1744929244e+01 -4.1767526163e+01
139 145 80
4 18 1354 329.7700 453.6500 19 1325 167.2700 415.9800 17 1842 453.0900 457.7000 20 1365 28.8100 418.5500
9.1951618132e+00 9.4470216074e+00 -3.7351815819e+01
232 224 138
3 18 3689 361.1400 416.6200 19 3351 203.8200 380.5400 17 3012 478.1600 420.0900
9.4109895341e+00 9.4134888736e+00 -3.7183546698e+01
151 136 38
4 18 3693 369.8101 416.9400 19 3353 211.9700 381.0900 17 3014 486.8700 420.6300 20 3518 79.3200 384.5500
1.1106089112e+01 1.1724317305e+01 -4.1399708994e+01
152 140 72
4 18 7293 380.1700 455.6500 19 6209 215.5800 418.7300 17 3151 505.0900 460.1300 20 6621 76.0200 421.3700
9.8606697125e+00 1.3139570903e+01 -4.5002151107e+01
245 228 179
3 18 7355 314.3900 468.4399 19 6234 148.6700 429.5200 17 6153 441.5400 472.8199
9.1926651832e+00 1.3388951392e+01 -4.5412280346e+01
217 214 147
3 18 3950 293.2300 472.1500 19 3530 127.4800 433.2400 17 3182 419.9700 476.4100
9.2581417923e+00 1.5402044576e+01 -4.4110913235e+01
236 214 164
3 18 4050 303.0601 539.6400 19 3590 134.7500 498.8800 17 3273 430.6700 544.6899
9.2131635438e+00 1.6127025031e+01 -4.3673311188e+01
253 251 230
3 18 7508 304.5601 564.2400 19 6344 135.3400 523.2000 17 6351 432.4399 569.8101
1.2641846687e+01 9.9046097903e+00 -3.7160388319e+01
244 228 137
3 18 3767 472.7700 432.2500 19 6128 308.7100 398.1200 17 5934 595.8600 437.1600
-1.1356990445e+00 3.4974984655e+01 -1.0884635822e+02
253 251 237
3 18 7470 -40.7800 520.5601 19 6323 -228.8300 473.5200 17 6279 116.0200 523.7400
9.1016820330e+00 1.6050661401e+01 -4.3588155842e+01
132 121 89
3 18 7507 302.0300 562.9399 19 6343 133.1400 521.5900 17 6348 429.7400 568.6899
-1.2041955747e+00 -5.1750925656e-01 -3.6401943017e+00
166 177 183
3 18 24 353.5000 146.9400 19 22 384.3900 123.4900 17 20 229.4200 153.3100
-7.0291759546e+00 -2.2049074826e-01 -5.5995284301e+00
179 190 200
3 18 18 -434.1600 157.9900 19 17 -435.4000 101.8900 17 21 -461.1300 173.7000
2.7685283993e+01 2.5187802021e+01 -6.9581989018e+01
191 190 180
4 18 86 515.5699 564.6000 19 80 320.2300 524.3400 17 86 677.4200 575.3800 20 77 153.8100 523.8199
-4.8038024681e+00 1.0009140815e+00 -4.4916421099e+00
166 202 238
3 18 178 -169.7800 341.2600 19 155 -148.4000 298.1100 17 149 -242.9300 342.6000
1.6369890440e+01 9.9458113312e+00 -3.5276423500e+01
179 186 105
4 18 194 618.5100 448.5200 19 171 444.9399 416.3600 17 173 750.3000 454.9600 20 249 301.9800 419.2200
-1.2726534645e+00 -9.6015789202e-01 -3.7757628820e+00
221 227 228
3 18 239 339.0400 81.9700 19 222 371.3400 58.7600 17 208 217.4100 91.7000
-2.3849183834e+00 8.9176910316e-01 -3.8113973550e+00
215 234 251
3 18 278 175.9400 347.0000 19 266 204.3700 312.0900 17 228 64.3000 349.7300
1.5342032235e+01 7.9093638248e+00 -3.1973076835e+01
151 151 73
3 18 297 640.3700 405.5400 19 283 471.4800 375.6300 17 250 766.0800 411.1300
1.4459567639e+01 3.0082862612e+01 -8.5952649803e+01
199 196 183
4 18 333 211.5300 555.9700 19 307 24.9200 512.7500 17 282 364.5200 560.9301 20 265 -140.6800 516.0900
1.4534582060e+01 3.0209396341e+01 -8.6340907359e+01
199 196 183
3 18 334 211.5300 555.9700 19 308 24.9200 512.7500 17 283 364.5200 560.9301
-1.4059012840e+00 -7.0399060753e-01 -3.7068484475e+00
159 168 175
3 18 389 322.5900 119.1100 19 353 355.7200 94.5000 17 316 199.7900 127.1400
-1.3378751638e+00 -6.5776555597e-01 -3.6627459742e+00
127 128 127
4 18 393 333.8300 126.0800 19 357 366.9500 101.9200 17 318 209.9300 133.9700 20 331 440.0699 121.4900
-7.1565682753e+00 -3.2929138210e-01 -5.6996086726e+00
180 189 193
4 18 258 -445.6100 143.9300 19 230 -450.0100 84.6400 17 333 -470.7700 162.2400 20 202 -399.0100 88.0100
-7.2889747152e+00 -2.9335289207e-01 -5.7692331930e+00
27 28 28
3 18 259 -459.5900 147.3500 19 233 -466.3200 87.2600 17 334 -482.0700 165.9500
-7.1620890482e+00 7.8223122647e-02 -5.6091173782e+00
19 19 25
4 18 272 -450.6800 195.2100 19 252 -456.1800 138.0800 17 346 -475.5200 207.8100 20 138 -404.5100 144.9000
1.6480972217e+01 9.2912927987e+00 -3.3989376141e+01
124 116 69
4 18 640 643.6899 437.2000 19 621 469.8101 406.3300 17 383 775.0200 443.5300 20 602 327.6899 409.2600
1.3176455344e+01 1.0602509927e+01 -3.8046399421e+01
204 210 124
3 18 463 478.4900 447.6799 19 429 312.1899 412.5000 17 385 603.8400 452.7300
-1.2678084113e+00 -6.7327514372e-01 -3.6456303195e+00
162 169 181
4 18 566 344.6100 124.2500 19 542 377.2700 100.4700 17 466 219.9800 131.8200 20 806 449.7000 119.9400
-1.1733026950e+00 -6.4146929887e-01 -3.6048444976e+00
162 170 181
4 18 568 359.7200 129.1300 19 547 391.9100 106.0600 17 468 233.9600 136.4700 20 517 463.4500 125.8000
5.7198193597e-01 -6.1428811802e-01 -3.7789186793e+00
45 49 51
3 18 396 591.7500 134.7200 19 243 597.0200 119.8900 17 470 477.7400 138.8000
-7.4946750855e+00 -5.1407031213e-01 -5.8273819681e+00
138 136 131
3 18 391 -482.1000 119.8100 19 347 -489.9400 57.6500 17 472 -501.1600 139.8400
-1.3353786549e+00 -5.8554880143e-01 -3.6352692952e+00
166 176 185
4 18 571 335.4000 136.9300 19 549 368.3400 112.4300 17 473 210.5100 144.4000 20 812 441.5699 131.4700
-8.0845677011e+00 -2.6527805810e-02 -5.9514982789e+00
107 116 118
3 18 407 -550.4900 176.3600 19 241 -568.1400 114.2900 17 486 -557.7800 192.6700
-7.9233667347e+00 9.9217055342e-03 -5.8227097327e+00
72 76 75
4 18 410 -536.2200 182.3300 19 363 -551.0900 120.4200 17 487 -547.1200 198.8000 20 333 -509.6000 125.1300
-7.0567550468e+00 1.0031444363e-01 -5.5564581307e+00
253 254 251
3 18 412 -439.2500 198.7600 19 375 -442.8600 141.0500 17 491 -466.6100 213.2900
1.4495459655e+01 7.6502397635e+00 -3.2131865250e+01
202 206 121
3 18 610 607.7300 395.1900 19 590 442.6000 365.4900 17 520 730.8000 399.0600
1.3796799017e+01 8.1498483062e+00 -3.3283345854e+01
122 131 88
3 18 621 565.0200 403.9200 19 863 400.6700 373.0000 17 534 686.5400 408.0000
1.4545190371e+01 8.9023773955e+00 -3.4182014868e+01
192 187 128
3 18 633 575.8500 422.8400 19 881 408.8101 390.9800 17 546 701.1300 427.8101
1.5125172224e+01 9.0217732960e+00 -3.4249188775e+01
158 174 85
4 18 634 594.2700 426.2500 19 612 424.9000 394.6900 17 549 721.2600 431.8800 20 585 286.1300 397.5100
1.6183748734e+01 9.1537005711e+00 -3.3995243194e+01
218 215 141
4 18 639 633.5699 432.8700 19 884 461.7000 400.8200 17 554 763.8199 438.8900 20 596 319.2700 404.6800
1.5729193710e+01 9.8002903490e+00 -3.5493539098e+01
119 127 78
3 18 641 594.3400 442.0100 19 628 422.9000 409.7800 17 556 724.2700 447.9200
1.1282655772e+01 1.0696811704e+01 -3.8882665954e+01
100 106 57
3 18 644 410.8800 444.1000 19 626 247.4301 408.3800 17 557 533.0601 448.3800
1.6721894118e+01 1.0011607851e+01 -3.5065440814e+01
200 198 118
4 18 649 633.3000 452.5500 19 906 458.2900 420.6400 17 564 766.3500 458.8500 20 921 314.8900 423.2300
1.6721894118e+01 1.0011607851e+01 -3.5065440814e+01
200 198 118
4 18 650 633.3000 452.5500 19 907 458.2900 420.6400 17 565 766.3500 458.8500 20 922 314.8900 423.2300
1.5954272532e+01 1.0997058427e+01 -3.7577336940e+01
188 186 116
3 18 658 570.4399 463.3600 19 648 397.1200 429.7100 17 573 702.4800 469.7100
-6.0707552981e+00 -1.0251912015e+00 -4.9800110667e+00
198 176 165
4 18 787 -325.1400 60.9200 19 794 -306.1100 4.6500 17 697 -378.9100 83.4100 20 800 -231.0700 8.7100
-2.4828330568e+00 -5.5678320662e-01 -4.1878790106e+00
67 68 68
3 18 795 157.4700 134.9700 19 803 188.6400 102.5800 17 702 50.9900 145.2100
-7.2055007161e+00 -3.6815788265e-01 -5.7257203164e+00
174 183 187
4 18 573 -450.5800 138.9500 19 538 -455.7000 78.7900 17 709 -474.8600 158.2200 20 319 -405.2700 81.7900
1.0807683779e-02 7.0646544194e-02 -3.1385902225e+00
187 171 189
3 18 1206 552.9900 242.1600 19 1193 571.8900 221.8100 17 726 420.1600 245.6100
1.4773110478e+01 7.6957373157e+00 -3.2120201091e+01
113 118 63
3 18 849 618.0000 396.8200 19 857 451.3400 367.7000 17 762 741.5100 400.5800
1.4773110478e+01 7.6957373157e+00 -3.2120201091e+01
113 118 63
3 18 850 618.0000 396.8200 19 858 451.3400 367.7000 17 763 741.5100 400.5800
1.6136789586e+01 8.4766616673e+00 -3.2986955701e+01
217 211 138
3 18 874 649.5300 417.3200 19 1273 477.9200 387.6100 17 787 779.0100 422.7700
1.6585446624e+01 8.8576639274e+00 -3.3792927866e+01
77 63 54
4 18 882 650.6600 423.8600 19 1282 476.8300 393.5700 17 792 782.0500 429.5800 20 1317 335.5100 396.8400
1.5832923171e+01 8.9384608498e+00 -3.3876762009e+01
230 219 164
4 18 883 624.2000 426.1400 19 1290 452.6400 395.5400 17 793 752.8300 431.6100 20 1321 312.3199 398.6200
1.6676648875e+01 9.0653996168e+00 -3.3573550037e+01
89 91 57
3 18 899 657.4399 433.0601 19 887 483.1300 402.4600 17 796 789.2900 439.2500
1.6065953741e+01 9.4983415272e+00 -3.4892923828e+01
228 219 132
4 18 904 614.9399 436.8400 19 890 442.5699 405.1800 17 801 745.3101 442.6400 20 1345 301.0200 408.1600
-3.1188291280e+01 4.7450275881e+01 -1.3967653284e+02
200 196 185
4 18 694 -350.5900 545.6700 19 679 -554.1200 494.0900 17 866 -178.6700 545.4900 20 660 -759.4600 505.0800
-4.2443630633e+00 6.7041871731e-01 -4.2649140044e+00
80 105 134
4 18 812 -92.1400 301.9100 19 818 -64.4900 260.2100 17 1037 -178.3500 306.2700 20 831 20.6000 275.2600
1.5419951065e+01 7.5526484521e+00 -3.1639235240e+01
213 212 138
3 18 2015 649.2600 395.2400 19 3294 480.6500 366.4500 17 1106 774.7600 399.8300
1.4507792805e+01 9.1117318654e+00 -3.4615604143e+01
211 207 135
4 18 1310 568.0300 425.8101 19 1287 400.4800 394.4900 17 1162 693.5000 430.9100 20 2107 262.4200 398.9000
1.4967516409e+01 9.1907150386e+00 -3.4669544983e+01
229 223 139
3 18 2082 582.5100 428.4900 19 2025 413.6100 396.5000 17 1168 709.1400 433.9800
1.5031427096e+01 1.0529725720e+01 -3.7019004306e+01
232 236 138
3 18 1352 549.6100 453.2400 19 1337 379.2300 419.7600 17 1196 678.7400 459.2200
1.0295125101e+01 1.1693538219e+01 -4.1255747873e+01
168 189 85
3 18 2155 357.8500 455.9200 19 2082 194.0900 418.3900 17 1197 481.3800 460.1400
1.6075200665e+01 1.0827883425e+01 -3.7357245644e+01
218 219 115
3 18 1363 577.4800 459.7200 19 1358 403.9100 426.3400 17 1212 709.5000 466.1799
1.6895249328e+01 1.0800604103e+01 -3.6877563618e+01
227 218 159
3 18 1370 609.8500 462.6899 19 1361 434.3101 429.8201 17 1223 744.4800 469.7200
-4.7365444671e+00 2.1124264026e+00 -4.7393778023e+00
177 202 218
4 18 946 -160.7300 482.8101 19 918 -152.6300 440.9500 17 1230 -226.6000 476.2700 20 640 -82.0900 459.9700
-9.4870888423e-01 -8.2704125398e-01 -3.6228706823e+00
20 19 27
3 18 1182 391.0200 102.6200 19 1172 421.3800 82.2900 17 1596 265.4700 108.8600
-1.4922878039e+00 -8.3279184285e-01 -3.8073011747e+00
250 248 236
4 18 1888 306.8101 100.1000 19 3131 339.7900 75.1700 17 1597 186.6100 109.1900 20 3344 413.0300 94.1300
-6.4102006893e+00 -4.0673988425e-01 -5.4177000360e+00
105 106 106
4 18 1193 -360.5100 138.1000 19 1173 -354.7700 82.4100 17 1608 -400.3300 155.2900 20 1208 -293.3100 88.1000
-9.0818532975e-01 -4.4638665023e-01 -3.5130198258e+00
27 31 47
4 18 1194 401.2300 158.7300 19 1183 430.5500 136.7900 17 1612 273.8000 164.1800 20 823 499.1400 156.6100
-1.0884204376e+00 -2.5994222572e-01 -3.5000350847e+00
28 29 36
3 18 1199 375.7100 186.1300 19 1187 405.8800 162.1100 17 1617 248.3600 192.0800
-2.4229585433e+00 9.3821668383e-03 -3.7991588050e+00
231 240 240
4 18 1922 173.3600 219.6700 19 1871 208.5200 187.2200 17 1622 57.9100 226.4100 20 1967 291.6000 203.2900
1.2944134274e+01 8.4731943365e+00 -3.4354587959e+01
231 223 152
3 18 3653 520.1700 406.8100 19 3327 357.5200 374.8800 17 1739 640.4000 410.6800
1.2811804876e+01 8.5172521820e+00 -3.4494721472e+01
212 208 138
3 18 2043 513.7400 407.2900 19 1967 351.3600 374.9700 17 1742 633.8101 411.2200
1.2623173638e+01 1.0164404982e+01 -3.7468519433e+01
113 110 57
3 18 2111 468.4800 438.3600 19 2052 303.7800 403.8500 17 1817 591.7800 442.9600
1.5894622579e+01 9.9878031312e+00 -3.5488306221e+01
220 215 138
4 18 3837 599.6600 448.5400 19 2073 427.1100 415.6800 17 1833 730.4200 454.5200 20 3654 285.8500 418.4200
1.6447261694e+01 1.0085927284e+01 -3.5457323779e+01
137 142 73
3 18 2144 617.9800 451.7200 19 2086 443.9700 419.5300 17 1843 750.3800 458.2100
1.6447261694e+01 1.0085927284e+01 -3.5457323779e+01
137 142 73
3 18 2145 617.9800 451.7200 19 2087 443.9700 419.5300 17 1844 750.3800 458.2100
1.4826331733e+01 1.0796683411e+01 -3.7793951074e+01
226 213 139
4 18 2151 532.8101 455.2500 19 2093 362.2100 421.1300 17 1849 661.7500 461.4000 20 2183 221.3300 424.2400
1.4772626704e+01 1.1018141327e+01 -3.8080169600e+01
112 121 60
3 18 3899 527.2300 460.0000 19 3508 356.7400 425.7800 17 1859 656.3900 465.9600
1.6263633745e+01 1.0983394469e+01 -3.7500188857e+01
161 156 89
3 18 2168 581.0000 463.4200 19 3518 407.0800 429.9000 17 1865 714.0000 470.1400
1.3785692345e+01 1.1798312048e+01 -4.0071738226e+01
110 105 63
3 18 2181 472.8300 467.8800 19 2105 303.4200 432.4100 17 1873 601.3800 473.2900
1.1620711451e+01 1.2620378624e+01 -4.2874388358e+01
248 247 141
3 18 2190 380.9700 469.9900 19 2106 214.2800 432.6000 17 1874 508.5601 474.7200
1.2150964642e+01 1.3243534814e+01 -4.4564221224e+01
201 200 123
3 18 2199 380.8700 474.2700 19 2115 211.9700 436.8300 17 1880 510.2200 479.0200
1.0049343255e+01 1.3914630172e+01 -4.5215493500e+01
255 255 251
3 18 3984 317.8800 487.7500 19 3557 150.3300 449.3900 17 1896 445.5300 493.0400
-1.3792879872e+01 2.2188271185e+01 -6.2073310808e+01
255 253 246
4 18 2272 -286.5900 557.7000 19 2168 -468.8500 507.8800 17 1940 -138.4200 557.0100 20 2267 -642.0700 519.4500
-1.0625268018e+00 -9.5617767744e-01 -3.6874269344e+00
132 139 146
4 18 3422 372.1801 83.5700 19 5703 403.7800 62.1300 17 2790 248.1600 91.3600 20 6158 473.1000 83.2300
-1.0625268018e+00 -9.5617767744e-01 -3.6874269344e+00
132 139 146
4 18 3423 372.1801 83.5700 19 5704 403.7800 62.1300 17 2791 248.1600 91.3600 20 6159 473.1000 83.2300
-6.9628265737e+00 -6.0181451190e-01 -5.7163203943e+00
208 213 211
3 18 1892 -420.2200 110.8400 19 1169 -421.9100 50.9700 17 2802 -448.9800 131.1100
-7.1258302753e+00 -5.7345999267e-01 -5.7432417209e+00
223 229 225
4 18 3437 -439.7800 114.1700 19 1846 -443.2100 53.3900 17 2803 -465.1400 134.5400 20 1946 -391.6700 54.9300
-4.6600784240e+00 -8.5364575237e-01 3.7842636608e+00
158 157 150
2 18 3451 -405.0300 164.8900 19 5743 404.5000 136.2600
9.7080544023e+00 9.8724079483e+00 -3.8061012288e+01
152 127 66
3 18 3735 370.3300 424.7400 19 3379 211.3100 388.6400 17 3045 489.1000 428.4800
9.4710139708e+00 1.1377544316e+01 -4.1264899985e+01
243 242 130
3 18 3829 333.4301 446.4200 19 6166 171.5800 408.6600 17 3128 456.0200 450.5601
9.2059321930e+00 1.1807206259e+01 -4.2154620657e+01
233 232 131
4 18 3858 318.2900 452.5900 19 3466 155.8400 414.4600 17 3144 441.5601 456.6100 20 3638 17.2900 417.1800
1.3173338571e+01 1.1137765338e+01 -3.9013814145e+01
220 225 135
3 18 3877 466.8900 456.3800 19 3496 299.5500 421.5400 17 3155 593.0800 461.3000
1.1415397164e+01 1.1851764995e+01 -4.1149887856e+01
236 223 101
3 18 3903 391.5400 461.2200 19 3503 226.1500 424.4800 17 3167 516.8300 465.7400
1.1335426455e+01 1.2051081712e+01 -4.1688355893e+01
238 233 130
3 18 7323 384.1400 462.6899 19 6228 218.3800 425.8600 17 3168 509.7200 467.5300
2.8470611933e+01 2.2480020141e+01 -7.2230398876e+01
159 166 131
4 18 4007 511.1000 499.0900 19 3576 318.4500 462.5500 17 3226 671.6400 506.7300 20 6760 152.5400 463.8700
-1.4680747375e+00 -8.8876120321e-01 -3.8097936053e+00
146 144 144
4 18 3432 310.3000 92.1000 19 5706 343.4100 67.7600 17 5423 189.7500 100.5800 20 6162 416.1300 87.3800
-1.6096231244e+00 -7.1820340557e-01 -3.8218465011e+00
199 197 184
3 18 6620 289.1801 117.0500 19 5714 322.9100 90.4700 17 5437 170.4300 123.2600
-9.2637472536e-01 -4.4424413082e-01 -3.5424651890e+00
67 76 86
3 18 6645 397.3400 158.8100 19 5745 426.0000 136.7800 17 5453 270.7100 164.6900
-7.3551763950e+00 -1.2383849093e-01 -5.7892961224e+00
136 131 111
3 18 6654 -467.6200 167.8600 19 5722 -476.0800 108.5200 17 5469 -488.3700 184.4000
-7.2466274612e+00 5.9253448921e-02 -5.6827474454e+00
203 196 170
3 18 6665 -458.6800 191.6600 19 5739 -465.3500 133.9500 17 5475 -481.5300 206.0400
-8.4038680107e+00 1.5372756044e+00 -6.0633687932e+00
249 254 251
3 18 3497 -588.9800 361.7000 19 3183 -619.4500 307.1800 17 5558 -586.2800 362.9400
-3.0052430337e+00 1.3254249858e+00 -4.0128334860e+00
190 204 209
3 18 6932 82.6100 402.5300 19 5964 107.3500 365.0900 17 5742 -18.9300 402.5700
-4.8963146425e+00 2.0597714554e+00 -4.7952596233e+00
96 120 135
3 18 7385 -181.5100 473.8300 19 6241 -173.5000 431.9000 17 6133 -244.9600 467.9000
9.5482725968e+00 1.4494403396e+01 -4.4401861494e+01
255 255 223
3 18 4018 309.5699 511.3000 19 3585 142.1400 471.4700 17 6269 436.8900 516.0900
-1.4726706461e+01 2.2795938487e+01 -6.3605131267e+01
95 90 84
3 18 7504 -301.5600 559.5000 19 3592 -485.1300 509.4100 17 6339 -152.0900 558.3800
-3.1449777239e+00 1.9387719810e-01 -2.7028744906e+00
189 210 224
2 18 2 85.5200 267.0200 19 3 150.6800 233.1500
-3.8418559027e+00 3.5346233416e-01 -4.2191477606e+00
194 210 222
2 18 4 -34.8700 259.2900 19 2 -4.4200 219.5800
-5.7830132505e+00 7.0820103076e-01 -5.2389734516e+00
164 187 211
2 18 7 -287.7000 284.2300 19 9 -282.1300 234.7000
-7.0160271932e+00 -2.2076371896e-01 -5.5169708370e+00
179 190 200
2 18 19 -434.1600 157.9900 19 18 -435.4000 101.8900
-7.0007005041e+00 1.0137186355e+00 -5.3232386012e+00
191 214 237
2 18 21 -442.1400 318.1300 19 13 -447.2900 265.8000
3.2142458954e+01 2.2144151874e+01 -6.4981204600e+01
234 232 219
3 18 40 638.0000 533.8101 19 36 435.6899 497.2400 20 38 267.1200 495.9200
-3.2387020868e-01 -4.9891000230e-01 -3.2994511119e+00
171 183 190
3 18 51 496.5699 153.4200 19 59 521.0000 135.4400 20 64 584.4100 156.9600
-3.2266369546e+00 1.0420374238e+00 -3.7025396604e+00
255 255 255
2 18 55 55.5900 371.7700 19 65 90.1700 334.1700
3.4948259969e+01 2.1223323829e+01 -6.3336774756e+01
135 139 138
3 18 65 708.0000 524.9800 19 77 500.8500 488.9301 20 73 328.6000 488.7000
1.6345534898e+01 9.0530889520e+00 -3.4579386779e+01
179 170 109
2 18 116 629.5200 424.2000 19 105 456.8400 393.3300
-3.5213581286e+01 4.6411923835e+01 -1.4762901465e+02
150 152 147
2 18 129 -374.3800 510.7400 19 110 -578.3400 457.2100
-4.6901229382e+01 5.2888251740e+01 -1.6561946308e+02
180 177 167
2 18 132 -443.2000 517.1300 19 113 -653.7000 463.2800
-1.1750954322e+00 -8.7331444057e-01 -3.7086189165e+00
11 10 11
3 18 152 355.2700 95.0100 19 130 387.1899 72.7400 20 124 457.6801 93.1900
-6.3962978431e+00 -2.5325184397e-01 -5.3649535300e+00
65 69 68
3 18 166 -360.3300 157.5900 19 137 -354.6400 103.0200 20 129 -292.8300 109.7700
-1.3753236255e+00 -2.9091964144e-01 -3.6097202212e+00
8 12 11
2 18 173 329.8900 179.9800 19 148 361.6899 154.2900
-1.1666412137e+00 -2.7702308356e-01 -3.5596730355e+00
14 14 19
3 18 174 361.6700 182.9500 19 149 392.3800 158.2700 20 145 463.6700 176.4500
1.6420229537e+01 8.8128033566e+00 -3.3230536697e+01
113 109 62
2 18 192 655.0300 427.0100 19 287 481.5601 397.0500
1.7454831701e+01 1.0036338163e+01 -3.5227388961e+01
211 202 139
2 18 196 654.4900 451.1899 19 294 477.0900 420.6100
-3.3360599564e+00 2.0293714254e+00 -4.7133052437e+00
105 128 167
2 18 200 26.9400 473.9600 19 297 35.2300 435.9399
3.3922894508e+01 1.8890092551e+01 -5.6963824979e+01
221 219 205
3 18 209 761.7400 517.6500 19 181 552.4700 483.2300 20 166 380.0900 481.8000
3.5930137660e+01 2.0773561706e+01 -6.2760301205e+01
135 137 138
3 18 210 733.2500 519.8500 19 305 524.0100 484.1100 20 260 350.6801 482.5200
3.4608233995e+01 2.1464762608e+01 -6.5409511675e+01
219 215 203
3 18 211 679.9500 517.9700 19 182 475.4600 482.0800 20 167 303.7800 479.7800
-3.7898255241e+01 4.9431692918e+01 -1.5326263637e+02
246 243 232
2 18 212 -388.7900 521.9800 19 179 -594.6900 468.9800
3.3263147308e+01 2.2254405925e+01 -6.5736976015e+01
233 231 218
2 18 214 651.5601 531.2900 19 183 448.4800 494.2100
3.4162283807e+01 2.2591998090e+01 -6.4389171760e+01
214 213 195
3 18 219 681.6100 546.4200 19 185 475.6000 508.6500 20 169 303.8700 506.5800
3.1411406456e+01 2.4172706651e+01 -6.4890921054e+01
162 158 155
3 18 221 624.1899 574.8900 19 190 421.3900 535.3300 20 171 252.2500 533.4000
3.2575419262e+01 2.3951998469e+01 -6.3879433344e+01
148 152 151
3 18 222 656.1700 577.0500 19 191 450.8700 537.5300 20 172 280.3700 535.4200
-1.0470228430e+00 -9.1881251764e-01 -3.6492717800e+00
221 225 223
2 18 241 375.9301 89.6100 19 224 407.9600 66.8300
-1.0938449897e+00 -7.9450510438e-01 -3.6972931307e+00
151 158 164
3 18 245 367.1899 105.6000 19 228 397.4500 85.0700 20 326 467.0300 105.2500
-1.0135342302e+00 -6.6701596949e-01 -3.5757672267e+00
209 215 219
2 18 251 383.6300 126.3400 19 236 414.6700 103.4100
-7.0129390056e+00 -2.0970334448e-01 -5.5847107282e+00
182 189 198
2 18 262 -431.7000 160.6400 19 136 -433.9700 101.1000
-2.0752976317e+00 -3.3402057660e-01 -3.8480101538e+00
140 147 151
3 18 266 222.1500 170.4200 19 372 256.0800 139.9100 20 345 335.2800 157.3700
-7.2972724390e+00 7.0549964081e-02 -5.6534263517e+00
254 255 254
3 18 270 -465.5400 193.1300 19 248 -472.9400 135.4300 20 215 -423.4900 141.2500
-7.2995382844e+00 7.1887744087e-02 -5.6638597563e+00
254 255 254
2 18 271 -465.5400 193.1300 19 249 -472.9400 135.4300
-3.0186090626e+00 1.2817551735e+00 -4.0397582674e+00
75 92 113
2 18 295 80.2800 395.2800 19 280 105.0800 358.9300
1.7768596477e+01 7.2524696170e+00 -2.9792733617e+01
198 181 121
3 18 296 770.9301 398.5600 19 410 592.2000 372.2300 20 377 448.1100 376.7800
-1.4223404390e+00 -3.7820516638e-01 -3.6678674106e+00
194 204 211
2 18 404 321.0300 166.5000 19 373 352.9100 140.9000
-6.5370186129e+00 1.0280620614e-01 -5.2910962692e+00
74 80 83
2 18 414 -381.3200 203.5900 19 254 -377.3000 149.2400
1.6844368726e+01 7.4146202977e+00 -3.0275130725e+01
128 134 78
3 18 443 726.9900 401.3300 19 411 551.9399 373.8000 20 378 410.7400 377.3400
1.6879544697e+01 7.4300711957e+00 -3.0334679461e+01
128 134 78
2 18 444 726.9900 401.3300 19 412 551.9399 373.8000
1.4644181344e+01 8.4077209012e+00 -3.3120908361e+01
166 164 90
2 18 451 596.5300 414.1200 19 607 429.2100 383.5300
1.6574981878e+01 8.8077688447e+00 -3.2789269240e+01
188 194 93
2 18 455 668.1700 430.8500 19 422 493.8199 400.5600
1.0519647588e+01 1.0182192344e+01 -3.7968441057e+01
192 210 96
2 18 458 396.5900 435.5100 19 421 235.8500 399.2400
1.8454907069e+01 8.9533387083e+00 -3.2169637887e+01
202 190 120
3 18 462 744.5699 441.7100 19 428 562.3300 411.0600 20 388 416.1801 413.2700
9.6706344097e+00 1.4043373722e+01 -4.5778765552e+01
105 97 74
2 18 488 303.0200 487.0900 19 446 136.2900 448.3300
3.1317466239e+01 1.6422386763e+01 -5.2070952185e+01
183 189 102
2 18 497 769.7900 495.6899 19 667 563.5500 462.5400
-3.4593294686e+01 4.8339691775e+01 -1.5250400238e+02
229 226 211
2 18 499 -359.6200 514.8000 19 453 -563.3500 461.7300
-5.9227743313e+00 -2.4330207636e+00 4.3786624038e-01
132 128 120
2 18 545 -515.2400 -297.4700 19 515 -284.8800 -376.0700
-1.1240410277e+00 -9.7420587228e-01 -3.7213905663e+00
140 151 159
3 18 560 362.0601 80.5500 19 537 393.8900 58.9800 20 509 463.5900 79.9900
-8.4245701015e-01 -8.2260179100e-01 -3.5598083688e+00
31 32 42
3 18 564 408.9700 103.7700 19 539 439.1200 83.4200 20 512 507.1000 104.4100
-1.3300367249e+00 -5.8533982221e-01 -3.6455125172e+00
166 176 185
3 18 572 335.4000 136.9300 19 550 368.3400 112.4300 20 813 441.5699 131.4700
-1.2721393545e+00 -5.0765487318e-01 -3.5987563094e+00
168 178 187
3 18 577 345.4200 148.8700 19 555 378.1000 124.0800 20 524 451.1000 143.2900
-1.2721393545e+00 -5.0765487318e-01 -3.5987563094e+00
168 178 187
3 18 578 345.4200 148.8700 19 556 378.1000 124.0800 20 525 451.1000 143.2900
-1.5810201409e+00 -3.4780261628e-01 -3.6818106439e+00
159 159 156
2 18 583 297.8101 170.3100 19 808 330.8800 144.1600
-1.5810201409e+00 -3.4780261628e-01 -3.6818106439e+00
159 159 156
2 18 584 297.8101 170.3100 19 809 330.8800 144.1600
1.9906255687e-01 9.5680024821e-02 -3.1251059457e+00
255 255 252
2 18 587 582.0601 246.2800 19 562 596.2400 226.7900
-4.5164305902e+00 7.4108461116e-01 -4.3647915189e+00
244 250 251
2 18 592 -129.8000 309.1300 19 567 -104.6900 266.5600
-3.3628807258e+00 9.4165342152e-01 -3.5704795424e+00
179 193 201
2 18 599 37.3100 360.3400 19 571 76.1600 323.4900
1.6262801195e+01 6.4548266668e+00 -2.8478955561e+01
153 166 102
2 18 606 744.3700 379.4000 19 580 571.7400 353.2700
1.5563816045e+01 6.5938272729e+00 -2.9142474216e+01
142 140 90
2 18 607 703.6200 379.3000 19 581 534.2300 352.6900
1.6512156100e+01 7.0239598881e+00 -2.9699044791e+01
211 208 147
3 18 608 727.3700 391.0900 19 854 552.8900 364.4400 20 864 413.7500 368.5400
1.6163446197e+01 7.7441401364e+00 -3.1292275777e+01
202 199 120
2 18 622 682.1200 405.0800 19 594 510.0400 376.5400
1.3229293999e+01 8.7798967370e+00 -3.4588897802e+01
215 208 126
2 18 627 526.2000 415.6300 19 603 362.4301 382.9700
1.6984950140e+01 8.2927117604e+00 -3.2009855729e+01
198 204 108
3 18 631 696.9399 418.2400 19 608 521.7700 389.8400 20 892 379.2200 393.6600
-4.0734822057e+00 2.4554525500e+00 -7.2872436483e+00
190 193 154
2 18 642 -72.2400 442.8500 19 2034 -102.2100 399.2800
1.1355148981e+01 1.1344602834e+01 -4.0478480879e+01
199 215 110
2 18 648 396.3800 451.0500 19 634 232.1100 415.1300
-5.3355316035e+01 4.4003236293e+01 -1.5834660283e+02
124 121 75
2 18 653 -515.6500 457.3000 19 619 -728.8600 399.8400
2.1067949615e+01 1.1343697008e+01 -3.6509630690e+01
199 199 111
2 18 668 745.8400 482.7300 19 927 555.7700 449.6000
3.4225224671e+01 1.8406444613e+01 -5.7487347428e+01
81 88 68
2 18 686 761.6500 503.8199 19 949 552.8600 469.7800
3.5648997786e+01 2.0079663748e+01 -6.2629480782e+01
212 213 192
3 18 687 729.3600 506.0900 19 673 521.6400 471.8000 20 651 348.5601 471.1700
-2.8487914887e+01 4.5502330469e+01 -1.3523649173e+02
201 199 188
3 18 691 -331.0200 541.3300 19 678 -532.8200 489.5200 20 659 -734.8100 499.8600
9.1899803431e+00 1.6190897460e+01 -4.4326573905e+01
119 110 104
2 18 701 298.9500 559.5400 19 682 129.8900 518.8400
-2.9270723546e+01 4.9067793488e+01 -1.3458696243e+02
237 235 222
3 18 705 -340.8000 578.9600 19 460 -545.1000 529.2700 20 423 -749.8100 543.3000
-7.0969847935e+00 -1.6886080182e-01 -5.5844023906e+00
182 193 197
3 18 798 -442.2000 165.0300 19 804 -445.6100 106.4900 20 513 -392.3800 111.4100
-6.6808997508e+00 -1.0100486306e-01 -5.4361697892e+00
205 214 220
2 18 799 -394.9100 175.6000 19 805 -393.0500 119.9500
-1.2949746198e+00 -2.3529276739e-01 -3.5486266677e+00
186 199 211
2 18 804 343.8199 188.9800 19 815 375.4301 163.5900
-6.3769250654e+00 8.5444120441e-01 -4.9554441312e+00
79 101 133
3 18 815 -371.7300 306.8800 19 817 -365.9300 256.6400 20 830 -298.4600 270.6900
1.4139163591e+01 7.0692643285e+00 -3.0850071227e+01
210 212 133
2 18 832 617.9900 383.7800 19 1226 453.8300 355.3000
1.2643832765e+01 7.7634266675e+00 -3.3175789118e+01
197 197 122
2 18 838 527.1300 391.1200 19 1236 366.5400 359.9900
1.7508437903e+01 7.3265799869e+00 -3.0052116663e+01
133 131 62
3 18 854 755.8000 399.5200 19 1256 578.1801 372.8400 20 1287 435.0200 376.5200
1.6766519955e+01 7.7694401229e+00 -3.1160106318e+01
115 110 70
3 18 862 706.0300 407.4200 19 867 531.7700 378.8000 20 881 390.2700 381.8600
1.6624310752e+01 8.1201303046e+00 -3.1867104440e+01
106 111 70
3 18 870 687.1899 413.9100 19 872 513.4100 384.8900 20 887 371.9700 388.3800
-2.5342508714e+01 1.7503105725e+01 -6.8023189994e+01
86 92 56
2 18 880 -495.6100 422.3000 19 591 -687.6900 365.4100
1.8080383257e+01 8.3240080082e+00 -3.1554535786e+01
210 206 111
3 18 881 744.1400 423.8500 19 882 564.3400 395.1100 20 1319 418.9700 397.9500
1.7029945031e+01 8.6303237833e+00 -3.2424837322e+01
86 74 43
2 18 885 690.5800 427.5800 19 1294 514.7100 397.7900
1.8259345713e+01 8.5118993121e+00 -3.1659031152e+01
112 101 44
3 18 893 748.1899 429.7900 19 1296 567.4100 400.6400 20 1327 421.4900 403.4300
1.7995262314e+01 8.5772882903e+00 -3.1636637744e+01
194 198 107
3 18 895 739.5000 432.5100 19 1301 559.2800 403.1000 20 1333 414.2900 405.6800
1.7995262314e+01 8.5772882903e+00 -3.1636637744e+01
194 198 107
3 18 896 739.5000 432.5100 19 1302 559.2800 403.1000 20 1334 414.2900 405.6800
1.7109834153e+01 8.8834200006e+00 -3.2815139833e+01
176 168 93
3 18 898 685.9700 433.3700 19 886 509.6200 402.8300 20 909 366.7000 405.6600
1.3230678697e+01 9.9417293367e+00 -3.7212765859e+01
234 223 144
2 18 900 490.7900 433.0000 19 883 325.3500 399.2300
1.9192770780e+01 8.9790970988e+00 -3.1989929520e+01
187 177 99
3 18 911 773.5100 443.2900 19 899 588.6200 414.0400 20 914 439.9301 416.2000
-2.2904664594e+01 1.7953044837e+01 -6.5757093205e+01
72 73 53
2 18 913 -459.6100 443.5900 19 878 -648.7400 388.4400
-7.9151559781e+01 6.7373695774e+01 -2.2933107602e+02
182 178 166
2 18 944 -544.8000 480.9700 19 908 -765.5100 424.3000
-4.8176066331e+00 2.1095495881e+00 -4.7594181154e+00
176 203 221
2 18 945 -171.3200 482.0300 19 917 -163.0500 440.2100
3.5120796039e+01 1.9221124978e+01 -5.9288882247e+01
220 224 202
3 18 966 757.6500 509.8500 19 1397 548.3800 475.0100 20 1439 374.9700 473.5200
-1.4868688270e+00 -1.2004411153e+00 -3.8179329385e+00
93 95 93
2 18 1167 307.5000 47.1400 19 1839 343.3500 23.8600
-2.4981167528e+00 -1.0012523452e+00 -4.8014607369e+00
84 83 78
2 18 1169 143.1400 72.6200 19 1165 166.7500 40.0300
-6.9896982757e+00 -5.0879640264e-01 -5.7596621092e+00
19 25 21
2 18 1188 -422.5600 122.1700 19 1170 -425.6100 62.2900
-1.3634128668e+00 -3.4154518662e-01 -3.6296284739e+00
24 30 45
3 18 1196 330.7900 172.1800 19 1184 362.7400 146.8000 20 1218 436.0200 165.3900
1.4969762637e+01 6.5910388234e+00 -2.9416769338e+01
168 165 115
2 18 1224 675.7900 377.2700 19 1934 508.8900 349.7100
1.7727415463e+01 7.5304929959e+00 -2.9860360478e+01
146 150 91
2 18 1278 767.9200 409.2900 19 1992 588.5900 381.7600
1.5239497840e+01 8.0623161517e+00 -3.2071172914e+01
118 115 73
2 18 1285 635.1000 410.4800 19 1263 466.0601 380.6400
-2.4837818768e+01 1.7015473467e+01 -6.7036223864e+01
193 190 135
2 18 1295 -491.0800 417.9300 19 1238 -682.1200 360.2800
-3.1040069881e+01 1.9293594914e+01 -7.5486578048e+01
246 210 161
2 18 1297 -559.3400 419.7400 19 853 -760.0700 361.1000
1.6642863969e+01 8.5164032853e+00 -3.2561807506e+01
187 180 110
3 18 1298 674.5500 422.4500 19 1276 501.0200 392.3900 20 1314 358.7300 395.8300
1.8364332443e+01 8.2387228920e+00 -3.1273431007e+01
193 193 95
2 18 1303 760.0601 423.0100 19 1284 578.6600 394.8700
-3.2121333404e+01 1.9601781136e+01 -7.4307165687e+01
89 87 45
2 18 1317 -586.2500 430.0900 19 862 -789.7600 371.4700
1.7751310253e+01 8.7377257381e+00 -3.1953681967e+01
204 207 124
2 18 1320 724.5699 435.5500 19 1303 545.3500 405.8100
1.7843845523e+01 8.7794612707e+00 -3.2111004013e+01
204 207 124
3 18 1321 724.5699 435.5500 19 1304 545.3500 405.8100 20 1344 400.4200 408.3700
1.6750099088e+01 9.1076098652e+00 -3.3324203852e+01
211 216 127
3 18 1325 664.3900 436.6899 19 2054 489.4000 406.0300 20 2132 346.9700 408.7000
-2.1457687979e+01 1.7035304736e+01 -6.2822010278e+01
138 128 103
2 18 1330 -445.1300 441.3600 19 1272 -631.6100 385.4500
1.8615306169e+01 9.3519980694e+00 -3.3149706762e+01
178 177 99
3 18 1343 730.4000 446.4299 19 1324 548.3600 416.1500 20 2169 401.3900 417.9500
1.9116835356e+01 9.1580702022e+00 -3.2085002885e+01
106 87 41
3 18 1346 768.7700 449.8500 19 2083 584.1700 418.9800 20 2173 435.4000 420.5100
1.4938452782e+01 1.0475720102e+01 -3.6820090716e+01
232 236 138
2 18 1351 549.6100 453.2400 19 1336 379.2300 419.7600
1.8648082920e+01 1.0573617889e+01 -3.5254400718e+01
211 194 124
3 18 1377 692.1600 468.7900 19 1365 510.2300 437.0400 20 1396 362.4500 438.8600
1.8104492357e+01 1.1089423322e+01 -3.6549031463e+01
187 149 75
3 18 1382 652.8700 474.2800 19 1371 472.9700 441.7400 20 1406 325.9399 443.4299
-4.7124541178e+00 2.0579326630e+00 -4.7263036376e+00
60 73 86
2 18 1384 -157.3800 476.7500 19 916 -148.0400 434.7200
-1.4807085080e+01 2.3136595557e+01 -6.4069319294e+01
99 92 84
2 18 1421 -301.9300 563.1000 19 1408 -485.7500 513.5100
-1.4770665159e+01 2.3612561211e+01 -6.3037075998e+01
109 101 86
3 18 1426 -304.5700 580.5400 19 960 -489.2800 530.8000 20 670 -665.9800 544.2300
-7.2257149109e+00 -1.9682170394e+00 -1.5900002551e+00
168 169 163
2 18 1844 -645.9400 -122.5800 19 1804 -546.3200 -204.0300
-6.8414570208e+00 -8.9934049720e-01 -5.6613397706e+00
118 118 116
2 18 1876 -405.8800 74.5200 19 1835 -404.0800 14.1100
-7.4897975802e+00 -5.1745092276e-01 -5.8042410743e+00
144 142 137
3 18 1893 -482.0600 119.4500 19 1848 -489.8900 57.3500 20 1947 -442.6600 58.4100
-6.7888753189e+00 -4.4897569424e-01 -5.6487394912e+00
53 51 73
3 18 1897 -401.1200 130.7700 19 1852 -401.7900 72.6100 20 1948 -346.9400 76.2700
-1.0385970788e+00 -5.9058254359e-01 -3.5560882855e+00
99 102 116
2 18 1898 380.8300 137.2000 19 3136 411.9500 114.6500
-6.3887536439e+00 -8.7392630824e-02 -5.3246987517e+00
75 81 81
3 18 1914 -360.8700 179.2600 19 1860 -355.5500 125.0400 20 1956 -293.3300 132.8500
4.0272033799e-01 8.6253948272e-02 -3.2606538898e+00
254 254 253
2 18 1930 602.1300 242.2700 19 1194 610.9000 223.9800
3.5707815649e-01 3.5653436663e-01 -3.1761996774e+00
107 107 142
2 18 1935 601.0100 284.4500 19 1877 609.5200 263.9500
-4.5516380466e+00 6.9316108504e-01 -4.3745914865e+00
150 158 182
2 18 1939 -134.5000 302.3200 19 1198 -109.2900 259.3100
1.5369855522e+01 6.2676552427e+00 -2.8378262503e+01
224 229 231
2 18 1967 712.5800 372.7500 19 1922 543.9301 346.6700
1.5933613327e+01 6.2231914772e+00 -2.8079037701e+01
218 214 212
2 18 1968 740.8101 373.4000 19 1927 569.6100 347.7800
1.6608738379e+01 6.1517827927e+00 -2.7485116134e+01
134 124 113
2 18 1972 780.7400 375.4400 19 3242 605.9301 350.4900
1.6456569186e+01 6.2095159021e+00 -2.7747154313e+01
114 99 100
3 18 1973 768.7200 375.6900 19 3243 594.5100 350.4200 20 3419 455.3300 355.0100
-2.9957384963e+00 1.2283049273e+00 -3.9889602254e+00
62 76 126
2 18 2001 84.4200 389.3100 19 3254 110.5100 353.1700
1.4542216030e+01 8.1061735756e+00 -3.2885150595e+01
211 206 134
2 18 2038 597.0200 405.3100 19 3325 430.4900 375.1300
1.6623616128e+01 7.8449449145e+00 -3.1192414206e+01
190 186 102
2 18 2047 700.3500 409.7100 19 1988 526.3101 381.0000
9.7442934964e+00 9.2188194064e+00 -3.6968705715e+01
230 226 126
2 18 2058 382.7000 411.9800 19 3332 225.0900 376.5900
1.7473838718e+01 8.0112563716e+00 -3.0939777850e+01
129 129 72
3 18 2063 735.5500 417.7100 19 3380 557.7900 389.3900 20 2088 414.3199 392.7300
1.2490365870e+01 9.2488426109e+00 -3.6215023084e+01
218 218 111
2 18 2066 480.0000 418.2900 19 1996 317.2600 385.0600
1.7090161849e+01 8.3198204661e+00 -3.1864805764e+01
154 154 84
2 18 2068 703.4700 421.2100 19 2012 527.4500 392.0000
1.3354724392e+01 9.0930414689e+00 -3.5083724644e+01
219 214 136
2 18 2072 523.2800 422.2800 19 3382 358.7200 389.3000
1.0271592197e+01 9.6492205580e+00 -3.7386104792e+01
210 214 130
2 18 2073 395.0601 422.6200 19 2002 235.7400 387.4000
1.9066583492e+01 8.3363855853e+00 -3.1025675593e+01
148 140 71
3 18 2084 790.1100 428.9200 19 2037 605.2000 400.4800 20 3585 457.3199 402.8500
1.1340003517e+01 1.0006495596e+01 -3.7956135759e+01
205 187 133
2 18 2088 422.5900 429.5800 19 3398 260.7400 394.4600
1.7217399240e+01 8.7435191073e+00 -3.2316140216e+01
206 211 120
2 18 2099 699.0500 432.6600 19 2045 522.1700 402.6100
1.6581079571e+01 9.3538930798e+00 -3.3812863682e+01
174 185 95
3 18 2116 650.2100 440.8600 19 3449 475.2400 409.9000 20 2153 333.3700 412.7500
1.1256829158e+01 1.1067757496e+01 -4.0110007310e+01
223 215 130
2 18 2127 397.2000 445.8500 19 2064 233.5601 409.5100
1.8351007177e+01 9.4966663095e+00 -3.3243125719e+01
177 170 101
3 18 2141 719.6500 450.7400 19 2090 538.4100 420.0100 20 2178 391.9700 421.9300
1.1353346914e+01 1.1381410033e+01 -4.0239077513e+01
211 214 121
2 18 2150 398.6500 454.3201 19 3479 234.3400 417.9100
-5.5339125339e+01 4.6065287828e+01 -1.6483943158e+02
87 87 37
2 18 2165 -516.0500 459.4200 19 2046 -729.9600 402.6300
-6.4362554627e+01 5.1914319640e+01 -1.8224083983e+02
108 121 69
2 18 2178 -545.8500 467.1799 19 1316 -764.1100 409.8500
1.7935955610e+01 1.0823358982e+01 -3.6303486317e+01
219 188 97
3 18 2183 651.7600 468.3700 19 3533 472.3900 435.1100 20 2210 326.1000 437.4399
-1.3572179078e+01 2.0113064921e+01 -6.3173026698e+01
255 249 246
2 18 2243 -277.7700 506.8400 19 2144 -457.6400 455.9800
-5.5015833797e+00 -2.6804576158e+00 1.4534180877e+00
83 85 84
2 18 2794 -477.7100 -445.0900 19 2391 -148.1000 -524.0601
-5.5889050516e+00 -2.5693844735e+00 1.0049218309e+00
173 170 158
2 18 2993 -468.7700 -371.9300 19 1628 -185.9000 -448.4100
-2.3939000005e+00 -4.5853196729e-01 -3.9858360255e+00
48 53 56
2 18 3443 173.6600 150.5800 19 3140 208.5300 118.8100
-2.4157466963e+00 -1.1516617704e-02 -3.8055192355e+00
219 230 224
3 18 3461 173.8900 216.6000 19 5761 209.3800 184.0600 20 6204 292.5000 200.4600
-1.3788689118e+00 1.2609212735e+00 -4.6987890016e+00
86 89 110
2 18 3522 286.8900 373.7000 19 5864 288.8800 340.6700
1.4621471414e+01 6.9262871269e+00 -2.9972651928e+01
128 143 69
2 18 3553 651.8600 385.7700 19 3264 485.8700 357.3100
1.5489445492e+01 7.3846004010e+00 -3.0775925642e+01
104 109 52
2 18 3592 668.0200 396.1900 19 3301 498.6200 367.7800
1.3888943329e+01 8.0076773099e+00 -3.2931579257e+01
190 185 130
2 18 3621 573.7700 401.5200 19 5991 409.3199 371.0900
1.3811606624e+01 8.0861351889e+00 -3.3167089201e+01
110 118 65
2 18 3632 567.3700 402.4800 19 3318 403.0601 371.7600
1.4194144415e+01 8.0072245892e+00 -3.2636514052e+01
112 103 46
3 18 3644 589.1000 403.8800 19 6000 423.6100 373.6400 20 6412 287.6600 377.5700
1.6065853307e+01 7.8410651731e+00 -3.1411031084e+01
155 143 62
2 18 3654 676.3600 407.7700 19 3341 504.5200 378.8300
1.2171856857e+01 8.6536451717e+00 -3.4840042019e+01
221 215 135
2 18 3657 487.5200 409.3700 19 3331 326.4900 376.3400
-3.0393631056e+01 1.7903701989e+01 -7.2073064563e+01
122 104 74
2 18 3659 -568.0700 409.5300 19 3241 -767.9000 350.1300
1.7318613910e+01 7.9145377845e+00 -3.1203765967e+01
220 202 139
3 18 3665 724.6899 412.1100 19 3365 548.0500 383.7700 20 3522 405.0900 386.7200
9.9207825723e+00 9.1852302715e+00 -3.6415773441e+01
176 158 108
2 18 3684 394.2100 414.9900 19 3347 236.4900 380.1800
1.0685222058e+01 9.3309124757e+00 -3.6767215269e+01
235 223 147
2 18 3692 415.1300 417.1700 19 3360 255.7500 382.2200
1.0316860953e+01 9.3903777133e+00 -3.6856105345e+01
234 229 149
2 18 3697 402.2500 418.4700 19 3366 243.4000 383.2500
1.8619615600e+01 7.9974312267e+00 -3.0520569905e+01
140 141 64
3 18 3713 785.4000 420.9000 19 6094 602.4200 392.9700 20 6514 455.7300 395.7000
-3.1771865156e+01 1.8935698030e+01 -7.3657215849e+01
233 242 175
2 18 3715 -583.8000 421.0200 19 3280 -786.3900 361.9500
1.7857974390e+01 8.1764930022e+00 -3.1002455012e+01
209 201 111
2 18 3724 747.8800 423.4200 19 3400 568.2200 394.8100
1.7550447510e+01 8.4235135075e+00 -3.1710232768e+01
217 216 140
2 18 3742 722.5300 426.3500 19 3404 544.4301 397.0000
-3.1703490463e+01 1.9512619630e+01 -7.4542103582e+01
61 66 25
2 18 3745 -577.1500 427.4299 19 3308 -779.6900 369.1400
1.6387464168e+01 9.1445035925e+00 -3.3828175314e+01
92 79 50
3 18 3773 643.3700 433.6200 19 6144 470.0100 402.8100 20 6556 328.1200 405.6700
1.6213420687e+01 9.2181370037e+00 -3.4117225088e+01
221 216 148
2 18 3778 632.7200 433.7800 19 3423 459.7700 402.7300
-2.3334918856e+01 1.7506044497e+01 -6.5268428119e+01
189 187 140
2 18 3793 -470.9200 437.1200 19 3357 -660.3800 381.0000
-2.3334918856e+01 1.7506044497e+01 -6.5268428119e+01
189 187 140
2 18 3794 -470.9200 437.1200 19 3358 -660.3800 381.0000
-2.3694996956e+01 1.7887021625e+01 -6.6094620711e+01
72 67 41
2 18 3803 -473.7800 440.6700 19 3367 -663.9800 384.1300
1.1453228677e+01 1.0701579732e+01 -3.9038954799e+01
111 112 70
2 18 3820 414.2000 442.9500 19 3439 250.9100 407.2100
1.2597098463e+01 1.0569255046e+01 -3.8269009847e+01
227 233 146
2 18 3823 457.9600 444.7000 19 3450 292.8199 409.9100
9.5004677868e+00 1.1399280238e+01 -4.1360767273e+01
243 242 130
2 18 3830 333.4301 446.4200 19 6167 171.5800 408.6600
-2.2205603018e+01 1.8015175388e+01 -6.4903873161e+01
55 55 29
2 18 3841 -449.9200 449.9700 19 2022 -638.1700 394.6800
1.9015104976e+01 9.3138727083e+00 -3.2550211166e+01
209 204 139
2 18 3843 755.8600 450.4900 19 3491 571.4800 420.3100
-2.1298451236e+01 1.8007128484e+01 -6.4640985252e+01
250 239 167
2 18 3854 -432.5700 451.5601 19 3406 -619.5200 396.7300
-2.1298451236e+01 1.8007128484e+01 -6.4640985252e+01
250 239 167
2 18 3855 -432.5700 451.5601 19 3407 -619.5200 396.7300
-6.0785543292e+01 4.6563805176e+01 -1.6821499859e+02
194 173 112
2 18 3870 -553.1700 454.8400 19 2028 -770.6800 397.6300
1.8076336624e+01 1.0022211495e+01 -3.4340120037e+01
196 199 120
3 18 3890 690.0400 458.9000 19 3515 509.9800 427.3500 20 6648 363.8600 429.4500
1.8102909272e+01 1.0292223832e+01 -3.4874391299e+01
148 141 66
3 18 3916 681.3000 463.3300 19 3522 501.3300 431.4200 20 3695 354.8500 433.0601
1.7974392758e+01 1.0226851611e+01 -3.4642795814e+01
148 141 66
2 18 3917 681.3000 463.3300 19 3523 501.3300 431.4200
1.9651141554e+01 1.0169649626e+01 -3.3968408065e+01
134 122 52
2 18 3932 748.7400 467.1600 19 3537 562.2900 435.7600
1.5574448834e+01 1.1540572250e+01 -3.8920348944e+01
222 214 134
2 18 3939 540.4500 468.9000 19 3534 367.5699 434.8300
1.5574448834e+01 1.1540572250e+01 -3.8920348944e+01
222 214 134
2 18 3940 540.4500 468.9000 19 3535 367.5699 434.8300
-6.5853368022e+01 5.2663296944e+01 -1.8320186535e+02
214 210 184
2 18 3945 -555.0600 470.3700 19 2068 -774.4700 413.6800
-5.3182294999e+01 4.7465777483e+01 -1.6461438226e+02
234 229 198
2 18 3952 -498.3900 472.2000 19 2077 -711.3000 416.3900
1.9667605123e+01 1.0713053326e+01 -3.5301866567e+01
154 146 81
3 18 3955 723.9200 473.0800 19 3550 538.4000 441.0900 20 3722 388.2900 442.1200
-4.6652167051e+00 2.0376351264e+00 -4.7055420085e+00
113 130 140
3 18 3958 -150.9900 474.1899 19 3525 -141.4300 432.3800 20 3744 -70.8900 450.8900
-5.6577103709e+00 -2.6649016466e+00 1.4045324169e+00
71 80 41
2 18 5211 -520.6400 -436.4301 19 4077 -199.1000 -519.7700
-5.6750397298e+00 -2.5717427800e+00 1.0203434852e+00
94 95 90
3 18 5563 -493.9500 -374.8100 19 2568 -210.9000 -453.3500 20 2688 198.4500 -443.6400
-8.8751247344e+00 -1.1854473592e+00 -4.8703728347e+00
72 75 73
2 18 6581 -695.7500 31.6600 19 3099 -702.3300 -46.0100
-1.4426758916e+00 -9.0989551519e-01 -3.8060896106e+00
139 137 137
3 18 6605 313.7700 89.1700 19 5705 347.1200 64.8300 20 6161 419.7100 84.5700
-1.6016896528e+00 -5.0845127497e-01 -3.7586412078e+00
231 225 212
2 18 6635 292.3800 146.6800 19 5733 325.3900 120.0400
-1.4509340064e+00 -4.8215985169e-01 -3.6901564137e+00
108 122 133
3 18 6638 316.1400 151.0500 19 1861 349.0900 125.8700 20 1958 422.6700 144.2000
-9.0890637665e-01 -4.8478419594e-01 -3.4818572124e+00
183 196 204
2 18 6641 402.6801 153.4900 19 5737 432.6801 131.4800
-9.2377643838e-01 -4.4295425632e-01 -3.5483722828e+00
67 76 86
2 18 6646 397.3400 158.8100 19 5746 426.0000 136.7800
-4.7001207037e+00 1.9118418335e-01 -4.5449803809e+00
33 39 68
2 18 6679 -152.3900 230.0200 19 3158 -127.4300 185.0700
-6.0652397650e-03 9.4302528272e-02 -3.0942360424e+00
255 245 114
2 18 6681 554.2600 246.7000 19 5769 572.4800 226.0500
1.4329580562e+01 6.5247176518e+00 -2.9298968436e+01
161 154 130
2 18 6761 654.1400 375.4900 19 3236 489.6100 348.1400
1.5903773650e+01 6.1937848467e+00 -2.7666809045e+01
154 148 115
2 18 6766 749.0300 375.9600 19 5889 577.5000 349.9200
-3.0275720567e+01 1.6251082016e+01 -6.9105785900e+01
197 187 132
2 18 6852 -584.7100 390.9300 19 3211 -784.1900 330.4700
1.6009651027e+01 7.4543207776e+00 -3.0651255307e+01
152 160 75
2 18 6904 689.1600 399.7200 19 5996 517.6500 371.6200
1.2147674598e+01 8.2838157335e+00 -3.4316122899e+01
157 150 79
2 18 6911 493.8800 400.7100 19 5982 333.5800 368.2000
1.2968573998e+01 8.6220075352e+00 -3.4587139403e+01
101 91 52
2 18 6976 517.5900 409.9700 19 6017 354.7500 377.9000
-3.0554113702e+01 1.8637087716e+01 -7.4504282640e+01
242 233 177
2 18 6993 -556.2500 412.3900 19 3258 -755.9800 353.3800
1.2255704744e+01 8.9586684490e+00 -3.5492044663e+01
103 99 41
2 18 7003 481.6700 414.4300 19 6046 319.9200 381.2900
1.2255704744e+01 8.9586684490e+00 -3.5492044663e+01
103 99 41
2 18 7004 481.6700 414.4300 19 6047 319.9200 381.2900
-3.0764482691e+01 1.9044201515e+01 -7.4962022457e+01
254 227 175
2 18 7026 -557.4500 417.7600 19 5941 -757.7000 358.8300
-2.3188265759e+01 1.5999512810e+01 -6.2792937709e+01
219 214 165
2 18 7032 -481.5800 418.5900 19 1952 -669.8600 361.6000
-2.3188265759e+01 1.5999512810e+01 -6.2792937709e+01
219 214 165
2 18 7033 -481.5800 418.5900 19 1953 -669.8600 361.6000
1.4957733910e+01 8.7384010706e+00 -3.3708690196e+01
160 165 78
3 18 7046 597.5000 420.8600 19 6081 429.0500 389.7300 20 6498 290.4500 393.3300
-2.4680250092e+01 1.7419195716e+01 -6.7000758816e+01
226 230 172
2 18 7083 -488.2900 425.9900 19 5987 -679.4600 369.1900
1.8229818715e+01 8.4187272927e+00 -3.1523453124e+01
96 87 30
2 18 7090 750.0699 427.6899 19 6131 569.1600 398.6400
-2.2069096514e+01 1.6385104389e+01 -6.2675109101e+01
73 76 37
2 18 7095 -458.6600 427.8101 19 3316 -645.5100 371.7500
-2.2069096514e+01 1.6385104389e+01 -6.2675109101e+01
73 76 37
2 18 7096 -458.6600 427.8101 19 3317 -645.5100 371.7500
1.6832146705e+01 8.7696035175e+00 -3.2875043808e+01
111 110 45
3 18 7100 675.4200 428.6799 19 3412 500.3700 398.5900 20 3577 358.0900 401.3800
1.2856365175e+01 9.7276007290e+00 -3.6738300108e+01
234 227 111
2 18 7106 484.9500 429.9000 19 6117 320.6200 396.2300
1.0146448082e+01 1.0256234159e+01 -3.8821184902e+01
92 83 41
2 18 7113 376.3800 430.8500 19 6108 215.9700 394.8300
-2.2337036982e+01 1.6894563957e+01 -6.3767366239e+01
71 69 31
2 18 7123 -458.4000 432.6799 19 6014 -645.9900 376.7900
-2.4074918552e+01 1.7831002298e+01 -6.6557929105e+01
66 59 27
2 18 7158 -478.8200 436.5500 19 6041 -669.5000 380.6600
1.2065458263e+01 1.0377452414e+01 -3.8205221476e+01
152 138 83
2 18 7169 442.2900 439.2600 19 3431 278.4800 404.3000
1.2065458263e+01 1.0377452414e+01 -3.8205221476e+01
152 138 83
2 18 7171 442.2900 439.2600 19 3432 278.4800 404.3000
-2.2906491401e+01 1.7773819183e+01 -6.5512208651e+01
55 63 26
2 18 7188 -460.9200 441.7700 19 6062 -649.9000 385.4500
1.2470165339e+01 1.0549442828e+01 -3.8310021446e+01
117 117 49
2 18 7213 453.5699 443.9000 19 6168 288.7100 408.7800
1.2470165339e+01 1.0549442828e+01 -3.8310021446e+01
117 117 49
2 18 7214 453.5699 443.9000 19 6169 288.7100 408.7800
-2.0901221860e+01 1.7163480707e+01 -6.2749530267e+01
233 243 146
2 18 7223 -433.7600 444.9700 19 6073 -619.5200 388.8700
1.4592615898e+01 1.0201924007e+01 -3.6667403865e+01
141 143 55
2 18 7229 540.9100 445.5900 19 6188 371.8000 412.4400
-2.1490204978e+01 1.7716284281e+01 -6.4028818593e+01
244 251 184
2 18 7249 -439.6200 448.8400 19 6096 -626.6500 393.7100
-2.1739141230e+01 1.8257257181e+01 -6.4945339107e+01
224 232 179
2 18 7292 -440.1900 455.0000 19 6135 -627.9600 399.8700
-5.0456244729e+01 4.3966177051e+01 -1.5736102326e+02
216 235 160
2 18 7311 -492.3900 459.6400 19 6145 -703.6100 403.1000
-6.4057948899e+01 4.9503783423e+01 -1.7678482583e+02
80 100 26
2 18 7313 -557.1900 459.6400 19 3426 -775.9200 402.4000
-5.5603967585e+01 4.6125047413e+01 -1.6430556881e+02
212 241 125
2 18 7317 -519.7300 461.2300 19 6149 -734.0000 404.2300
-2.0535562780e+01 1.9403414748e+01 -6.7993932965e+01
128 123 71
2 18 7319 -401.6200 462.1000 19 6161 -588.4600 407.6900
-5.9058576597e+01 4.9392143473e+01 -1.7450329912e+02
77 89 21
2 18 7331 -522.8600 464.8101 19 6164 -738.3300 407.8100
1.6818297318e+01 1.0954429126e+01 -3.7150565793e+01
223 212 149
2 18 7335 603.5300 465.4000 19 6238 427.6899 432.1100
-5.0284938370e+01 4.5948715529e+01 -1.6230353351e+02
251 245 231
2 18 7337 -478.8500 465.3500 19 6170 -689.6100 409.1600
1.4824320019e+01 1.1514975007e+01 -3.9108061761e+01
141 145 57
3 18 7342 515.3101 466.5900 19 6243 344.6000 432.2400 20 3702 201.9600 434.8400
2.8607649515e+01 2.2523826398e+01 -7.2150744418e+01
244 248 220
2 18 7458 514.0500 500.2700 19 6306 321.2000 463.9000
-1.3681491996e+01 2.2294998953e+01 -6.1999568072e+01
234 227 215
3 18 7505 -284.3900 560.6100 19 6340 -466.4200 510.6000 20 3797 -640.0100 522.7600
-1.3681491996e+01 2.2294998953e+01 -6.1999568072e+01
234 227 215
3 18 7506 -284.3900 560.6100 19 6341 -466.4200 510.6000 20 3798 -640.0100 522.7600
-1.4969737669e+01 2.3646281834e+01 -6.3823598675e+01
93 83 82
2 18 7516 -306.3200 575.3500 19 3595 -490.7500 525.9800
-2.1909154557e+00 -7.6510317610e-01 -3.7831715473e+00
25 25 28
2 18 9 208.2600 108.3500 17 9 89.6000 118.5300
-2.2499488882e+00 -2.9727889356e-01 -3.8158968164e+00
132 147 157
2 18 33 197.9800 174.6100 17 27 81.9600 184.3600
-6.6298633740e+00 1.4742432345e+00 -5.4479055882e+00
93 113 124
2 18 56 -392.5800 374.2600 17 54 -424.4400 374.1000
-6.6298633740e+00 1.4742432345e+00 -5.4479055882e+00
93 113 124
2 18 57 -392.5800 374.2600 17 55 -424.4400 374.1000
1.1050895425e+01 1.0756296962e+01 -3.8225755584e+01
212 212 127
2 18 78 410.2400 451.0200 17 79 532.0100 456.4299
-6.1286668834e-01 -1.0688480505e-02 -3.1893984722e+00
255 255 253
2 18 100 459.8700 228.3000 20 147 556.2900 223.7400
-1.3768591078e+00 -8.1662120367e-01 -3.7479211620e+00
10 11 11
2 18 154 325.0800 102.4800 17 126 203.3900 111.2600
-9.9876161217e-01 -7.8645530635e-01 -3.6311164265e+00
13 13 12
2 18 156 383.3800 108.2100 17 128 258.3700 115.5400
-1.2504062450e+00 -5.9241325529e-01 -3.5733574747e+00
161 173 189
2 18 161 349.7900 136.2100 17 134 223.5900 143.8600
-1.5046224945e+00 -4.3352374061e-01 -3.7102235527e+00
10 10 10
2 18 167 307.8000 158.2200 17 136 186.3100 165.0400
1.2563311942e+01 8.7388308207e+00 -3.4820200192e+01
210 207 108
2 18 189 500.8000 412.3800 17 165 620.8600 416.3200
-3.5071591698e+00 -8.9461531922e-01 -5.2370465519e+00
105 103 85
2 18 240 7.5000 83.8500 17 210 -68.1500 97.7300
-1.6141278329e+00 -5.1218576623e-01 -3.7315386916e+00
212 209 200
2 18 257 291.5900 145.7700 17 217 170.6500 154.5500
-6.6993455158e+00 -1.9760341284e-01 -5.5485425873e+00
21 21 20
2 18 264 -393.7800 162.3300 17 338 -427.5100 178.5500
-4.4937795946e+00 -2.7512444900e+00 1.8537196548e+00
79 75 79
2 18 359 -180.6400 -504.2600 17 307 -587.2400 -398.8400
-1.4071395308e+00 -7.0398545922e-01 -3.6975084910e+00
159 168 175
2 18 390 322.5900 119.1100 17 317 199.7900 127.1400
-7.2150949953e+00 1.6371540861e-01 -5.5797544767e+00
183 188 191
2 18 415 -458.1800 206.1500 17 493 -483.0600 218.9500
-6.6861088753e+00 1.3804276993e+00 -5.2816933285e+00
83 101 116
2 18 429 -404.2400 366.8300 17 359 -437.9500 366.7200
1.4593901139e+01 6.9540098775e+00 -3.0125389023e+01
156 155 101
2 18 435 647.9301 385.3800 17 362 769.1801 389.4400
-4.8115214251e+00 -2.5397313317e+00 9.7671138369e-01
108 110 95
2 18 540 -252.1000 -356.6100 17 673 -560.6500 -275.5300
-4.8115214251e+00 -2.5397313317e+00 9.7671138369e-01
108 110 95
2 18 541 -252.1000 -356.6100 17 674 -560.6500 -275.5300
-1.4846805991e+00 -8.5285143038e-01 -3.7901310735e+00
226 226 218
2 18 563 308.3300 96.9300 17 465 187.8500 106.1000
-1.4084828516e+00 -6.1804516653e-01 -3.6556642860e+00
167 176 181
2 18 570 323.9000 132.0200 17 471 200.1300 139.3400
-8.4118670917e-01 -5.7116462590e-01 -3.4934929073e+00
41 48 54
2 18 575 411.9399 140.2400 17 704 283.7000 147.6000
-1.1611095597e+00 -5.2830121585e-01 -3.5849847503e+00
166 173 186
2 18 576 361.9600 145.7600 17 706 236.3101 152.7800
-6.7355290706e+00 1.3363766775e+00 -5.2234607789e+00
183 211 234
3 18 601 -412.3000 361.4500 17 509 -446.0500 362.8000 20 356 -358.5100 329.1300
1.0763768210e+01 8.2053088697e+00 -3.4491766365e+01
239 234 157
2 18 613 444.8101 396.8600 17 524 560.3500 400.1200
1.4845680665e+01 7.7324574638e+00 -3.1870496237e+01
197 196 106
2 18 617 624.9399 400.1500 17 532 748.5500 404.5800
9.4697417065e+00 8.9033542160e+00 -3.5961582697e+01
228 228 118
2 18 625 384.3700 409.2500 17 538 499.9200 412.9400
-6.6872127674e+00 -9.9499128528e-02 -5.4646527083e+00
205 214 220
2 18 800 -394.9100 175.6000 17 719 -429.7700 190.4300
-1.0686863515e+00 -2.9873624398e-01 -3.4802208253e+00
193 208 217
2 18 801 379.4900 180.7600 17 716 251.4600 186.6600
1.3507312952e+01 6.0076600115e+00 -2.8482813782e+01
212 216 214
2 18 817 638.9800 361.8000 17 734 754.3500 364.7700
1.3110689252e+01 6.0851283696e+00 -2.8834009194e+01
211 213 210
2 18 818 616.9700 362.2400 17 735 731.2500 365.0000
1.2606662973e+01 6.7728209947e+00 -3.0695558896e+01
230 231 228
2 18 824 564.9100 374.1500 17 1065 679.8000 377.5200
1.0053458434e+01 8.2882070696e+00 -3.5138586323e+01
221 215 133
2 18 846 413.1600 394.5200 17 759 528.1700 398.2100
8.9700944713e+00 8.9290762379e+00 -3.6253513367e+01
224 215 119
2 18 863 364.8900 408.0600 17 779 480.0699 411.3100
8.9700944713e+00 8.9290762379e+00 -3.6253513367e+01
224 215 119
2 18 864 364.8900 408.0600 17 780 480.0699 411.3100
1.4038229166e+01 8.7277915241e+00 -3.4019603353e+01
133 141 71
2 18 875 561.6801 418.1900 17 544 684.8800 422.8000
1.1140150052e+01 1.0386239354e+01 -3.8582973675e+01
227 211 148
2 18 905 409.4800 436.5400 17 799 531.3300 441.0800
1.8373569734e+01 9.0236975482e+00 -3.2546230308e+01
123 130 57
2 18 909 734.1600 440.1899 20 1358 406.6500 412.6200
1.1636195697e+01 1.0686630557e+01 -3.8944467917e+01
213 224 126
2 18 912 420.8101 443.0900 17 802 544.0000 447.7200
-7.1748017488e+00 -8.5264130378e-01 -5.8644994787e+00
20 25 28
2 18 1173 -440.7200 79.5600 20 1207 -395.4900 17.4200
-1.1953287015e+00 -7.7067710669e-01 -3.6228217006e+00
151 159 166
2 18 1184 355.8300 110.1300 17 1600 230.5400 117.9900
1.3005647801e+01 6.1331096066e+00 -2.9109304045e+01
207 215 209
2 18 1218 607.8199 361.8500 17 1051 721.9900 364.8100
-2.9976279194e+00 1.2417938577e+00 -3.9978737365e+00
62 76 122
2 18 1251 84.0100 389.9400 20 3458 190.7300 369.9000
1.2236630082e+01 7.8964376388e+00 -3.3574307513e+01
220 212 151
2 18 1255 507.3101 393.1300 17 1094 624.7900 396.1300
1.1756384464e+01 7.8884281863e+00 -3.3537504631e+01
225 223 146
2 18 1256 491.3000 392.7400 17 758 607.6500 396.6500
1.0536990541e+01 8.4885576273e+00 -3.5288188971e+01
230 220 159
2 18 1267 427.4900 400.2800 17 1115 543.6700 403.9100
1.3215915827e+01 8.4863368997e+00 -3.4213747945e+01
117 118 62
2 18 1277 531.2400 408.1800 17 1133 652.1500 412.5800
6.8092378741e+00 1.0300202457e+01 -4.0114473409e+01
218 216 130
2 18 1300 262.8600 422.4500 17 1154 381.0699 426.1200
6.8092378741e+00 1.0300202457e+01 -4.0114473409e+01
218 216 130
2 18 1301 262.8600 422.4500 17 1155 381.0699 426.1200
1.4584053593e+01 9.1412194443e+00 -3.4794410997e+01
211 207 135
2 18 1309 568.0300 425.8101 17 1161 693.5000 430.9100
1.4499873799e+01 9.2856727607e+00 -3.4975217127e+01
166 169 82
2 18 1313 562.4900 429.4700 17 1169 687.9700 434.2500
1.4499873799e+01 9.2856727607e+00 -3.4975217127e+01
166 169 82
2 18 1314 562.4900 429.4700 17 1170 687.9700 434.2500
1.3140855543e+01 9.7663304475e+00 -3.6436310872e+01
158 146 86
2 18 1318 497.8700 433.9900 17 1174 621.3300 438.0400
-1.0383468235e+00 -5.8946522907e-01 -3.5567966167e+00
99 102 116
2 18 1899 380.8300 137.2000 17 1607 254.2000 144.1900
-1.2148847187e+01 -1.1905919465e-02 -1.0160821333e+01
57 67 77
2 18 1901 -787.5100 141.9200 17 1611 -715.2700 163.3200
-1.4051474085e+00 -4.9501388022e-01 -3.6326904811e+00
172 180 184
2 18 1906 325.0699 149.6700 17 1610 201.0200 157.4300
-7.1991518854e+00 -2.5056793542e-01 -5.6749401515e+00
211 212 217
2 18 1911 -451.7500 153.6000 17 1614 -476.7000 171.0800
6.4746522534e-01 -2.6968763479e-01 -3.2971323888e+00
156 97 87
2 18 1917 634.6200 189.0700 17 1020 508.2400 191.9900
6.7716275607e+00 1.4636071597e+00 -1.2818457942e+01
53 50 57
2 18 1933 726.2200 261.4600 17 2833 771.0000 260.6200
-4.5510212932e+00 6.9277819232e-01 -4.3599275399e+00
150 158 182
2 18 1938 -134.5000 302.3200 17 1636 -215.2400 306.6600
-7.9828370622e+00 1.4438558293e+00 -5.7690540018e+00
55 81 110
2 18 1951 -549.6700 358.9400 17 1648 -557.3300 360.0200
1.2442522783e+01 6.8652812861e+00 -3.1206399729e+01
233 235 235
2 18 1970 550.5699 373.7600 17 1670 665.5100 376.8300
1.1751700948e+01 7.2046637313e+00 -3.1885471196e+01
130 115 82
2 18 1988 515.0300 381.3000 17 1688 629.1600 384.3300
1.1210291371e+01 7.4100382863e+00 -3.2452426945e+01
252 226 180
2 18 1992 487.4600 384.3900 17 1079 601.0900 387.5900
9.8342398045e+00 8.3842550835e+00 -3.5268829271e+01
222 216 120
2 18 2018 404.2900 397.2700 17 1108 519.1801 400.1400
1.1632065729e+01 8.3172484807e+00 -3.4215343997e+01
234 221 152
2 18 2031 477.7300 402.3700 17 1733 594.8500 406.7800
7.3732426427e+00 9.2537631674e+00 -3.7467772398e+01
232 237 145
2 18 2048 301.5500 409.3200 17 1744 416.5000 412.8800
1.4130969942e+01 8.4403050664e+00 -3.3711100045e+01
220 221 141
2 18 2057 569.6700 410.5900 17 1752 692.6500 415.0400
1.1738091439e+01 9.7037373464e+00 -3.6950535532e+01
147 155 79
2 18 2081 446.6600 427.6000 17 1786 567.6100 432.0000
9.5882140908e+00 1.0217166222e+01 -3.8831255516e+01
227 229 110
2 18 2089 359.0000 429.6000 17 1796 478.7100 433.4700
9.5882140908e+00 1.0217166222e+01 -3.8831255516e+01
227 229 110
2 18 2090 359.0000 429.6000 17 1797 478.7100 433.4700
1.8992071900e+01 8.4913311852e+00 -3.1340034708e+01
204 187 109
2 18 2097 780.6000 431.6700 20 2124 448.5100 405.3500
-9.3803761444e+00 1.5370502878e+01 -5.7678313949e+01
117 128 121
2 18 2106 -197.5700 437.3900 20 2091 -528.5400 393.2300
8.2006902361e+00 1.0967080539e+01 -4.0596453590e+01
144 136 73
2 18 2113 301.1000 439.2700 17 1818 421.5400 443.0300
9.5749414755e+00 1.0896971428e+01 -4.0018109088e+01
189 190 106
2 18 2117 347.4399 441.4800 17 1823 468.7800 445.5200
1.5717024544e+01 9.7329516233e+00 -3.5147207420e+01
122 126 69
3 18 2118 599.4399 442.6400 17 1183 729.0500 448.5500 20 2156 286.6600 413.5600
2.8319116638e+01 2.2669266976e+01 -7.2231087023e+01
249 250 244
3 18 2238 508.3101 502.4000 17 1909 668.8800 510.2800 20 2247 149.8700 467.1300
2.8319116638e+01 2.2669266976e+01 -7.2231087023e+01
249 250 244
3 18 2239 508.3101 502.4000 17 1910 668.8800 510.2800 20 2248 149.8700 467.1300
-6.8209353829e-01 -9.1031769994e-01 -3.5181685032e+00
79 80 75
2 18 3431 433.8199 91.2500 17 2794 305.5200 97.8700
-1.0964002979e+00 -4.3485539230e-01 -3.5321738954e+00
161 158 165
2 18 3448 373.3900 159.9500 17 2810 246.4800 166.6700
-7.0000647519e+00 4.7187427063e-02 -5.5645602722e+00
251 253 251
2 18 3456 -431.5500 191.8800 17 5476 -460.1100 206.4500
-1.3638514829e+00 1.2324187938e+00 -4.6892818722e+00
203 211 214
2 18 3509 289.2200 369.9400 17 2868 198.7600 372.1600
1.2911414253e+01 6.5820200253e+00 -2.9861395092e+01
227 229 231
2 18 3521 590.5200 373.5400 17 2880 705.4800 376.7900
1.2010836888e+01 7.2886180162e+00 -3.2055096669e+01
135 125 87
2 18 3550 521.7200 382.8400 17 2907 636.7300 386.2800
9.3746081294e+00 8.3639311985e+00 -3.5239275963e+01
218 226 120
2 18 3596 389.2200 396.5700 17 1721 503.3400 399.9700
9.3746081294e+00 8.3639311985e+00 -3.5239275963e+01
218 226 120
2 18 3597 389.2200 396.5700 17 1722 503.3400 399.9700
1.6814488175e+01 7.5119339283e+00 -3.0636401962e+01
211 195 129
2 18 3626 718.4100 401.9600 20 3481 402.5000 377.6700
1.4292779630e+01 8.0528112291e+00 -3.2844318366e+01
112 103 46
2 18 3645 589.1000 403.8800 17 2967 711.7100 408.2200
1.4292779630e+01 8.0528112291e+00 -3.2844318366e+01
112 103 46
2 18 3646 589.1000 403.8800 17 2968 711.7100 408.2200
9.0322687644e+00 9.2217853422e+00 -3.6848610751e+01
152 141 84
2 18 3671 360.8600 413.0000 17 1756 477.0200 416.6200
9.0322687644e+00 9.2217853422e+00 -3.6848610751e+01
152 141 84
2 18 3672 360.8600 413.0000 17 1757 477.0200 416.6200
1.2943530148e+01 8.8970741640e+00 -3.5144836970e+01
224 218 120
2 18 3683 508.9600 414.9000 17 1763 630.2600 419.3500
9.4052299043e+00 9.4067848260e+00 -3.7157722663e+01
151 136 38
3 18 3694 369.8101 416.9400 17 3015 486.8700 420.6300 20 3519 79.3200 384.5500
1.7242779593e+01 8.1906770866e+00 -3.1576338842e+01
201 194 122
2 18 3703 714.5000 419.1500 20 6491 395.0500 392.8900
9.4602510141e+00 9.5616978635e+00 -3.7306198720e+01
223 231 125
2 18 3710 369.9700 420.5200 17 3023 487.4800 424.3300
6.9807639438e+00 1.0345238945e+01 -3.9871771417e+01
142 162 64
2 18 3739 269.8300 425.5900 17 3048 387.9600 429.5000
9.9234476537e+00 1.0036115052e+01 -3.8327750974e+01
183 161 103
2 18 3750 374.3500 427.9399 17 3056 493.8900 431.4800
6.8183044199e+00 1.0659218807e+01 -4.0543909817e+01
237 220 152
3 18 3756 259.9900 430.5701 17 5911 378.8199 434.1500 20 3551 -32.5500 395.5400
9.1377795742e+00 1.0293719442e+01 -3.8872718288e+01
222 228 114
2 18 3765 344.5900 431.7900 17 1800 463.8500 435.5701
6.5697193844e+00 1.0931513105e+01 -4.1425230118e+01
251 251 142
2 18 3768 246.3500 431.9000 17 3077 366.2200 435.4700
1.3685729815e+01 9.7402228122e+00 -3.6258245998e+01
208 186 118
2 18 3779 517.7300 434.1100 17 3097 642.2700 439.0200
8.1186218363e+00 1.0672664815e+01 -3.9998806451e+01
220 221 115
2 18 3782 303.4800 434.9000 17 3094 423.0300 438.5900
8.1186218363e+00 1.0672664815e+01 -3.9998806451e+01
220 221 115
2 18 3783 303.4800 434.9000 17 3095 423.0300 438.5900
9.9508363234e+00 1.0627804954e+01 -3.9043969246e+01
207 216 107
2 18 3804 367.9900 440.8800 17 1821 488.7300 444.8800
-1.4696865922e+00 -8.2449108709e-01 -3.8072111113e+00
98 92 111
2 18 6609 309.7600 101.2300 17 5434 189.8300 109.7200
-6.9095194952e+00 -6.2229758856e-01 -5.6751138679e+00
213 215 219
2 18 6612 -414.8200 108.7800 20 6144 -361.4200 51.8200
-1.5896479648e+00 -7.3362298916e-01 -3.7832142631e+00
149 149 140
2 18 6615 293.5900 113.9700 17 5436 173.4100 122.7400
-6.7950488334e+00 -5.3043266873e-01 -5.6382432409e+00
253 254 255
2 18 6623 -402.0700 120.2700 17 5442 -434.0600 139.5800
-1.5521868974e+00 -4.7898359870e-01 -3.7705947084e+00
156 151 144
2 18 6637 298.9000 150.7700 17 5450 179.0900 158.4300
-1.4440391803e+00 -2.9085291048e-01 -3.6737714941e+00
152 139 131
2 18 6660 317.5500 179.1100 17 5470 195.3900 185.8400
-6.9536918040e+00 2.3576822875e-03 -5.5283771057e+00
157 168 177
2 18 6663 -426.7400 187.0400 17 5473 -456.5900 201.4200
-7.2468640386e+00 1.0052303300e-01 -5.6737020189e+00
103 96 82
2 18 6667 -458.8100 197.6500 20 6194 -416.9600 144.9700
-2.6809352109e+00 1.0282069668e-02 5.6042635665e-01
0 0 255
0
-6.2256453043e+00 1.2292164060e+00 -5.0143845595e+00
185 200 214
2 18 6717 -351.4800 354.6000 20 6236 -282.8100 322.8400
1.2285873521e+01 6.1411869630e+00 -2.9729914803e+01
144 126 113
2 18 6721 569.5601 357.4700 17 5544 681.9600 360.0800
1.3002510120e+01 6.7248749859e+00 -3.0251151466e+01
167 165 129
2 18 6768 587.0400 375.9400 17 5600 702.7300 379.1800
1.2408633761e+01 7.1185059815e+00 -3.1673481033e+01
112 111 74
2 18 6783 541.8500 379.7200 17 5623 657.3700 382.6500
7.8386603866e+00 8.6924300526e+00 -3.6526542658e+01
156 150 86
2 18 6888 325.2300 397.9900 17 5721 439.0900 401.2700
1.3601138533e+01 8.0733045894e+00 -3.3386688284e+01
218 219 148
2 18 6910 556.7700 400.3300 17 2954 677.7200 404.3900
7.7697453668e+00 8.8549537462e+00 -3.6607391222e+01
114 112 49
2 18 6936 322.1400 402.9900 17 2960 436.1700 405.9700
6.8655369050e+00 9.1845689893e+00 -3.7840328041e+01
96 89 48
2 18 6951 282.2400 404.3500 17 5767 397.0800 407.6200
1.1500375741e+01 8.7067199190e+00 -3.4903305996e+01
142 144 73
2 18 6980 464.2200 410.7500 17 2982 582.0699 414.6100
7.0004771850e+00 9.7388775141e+00 -3.8810911095e+01
132 137 60
2 18 7010 278.6801 414.8900 17 2997 395.2000 418.1500
1.1645615717e+01 9.5056890237e+00 -3.6627881175e+01
239 234 159
2 18 7066 447.5699 423.8400 17 3042 567.9100 427.8500
1.1645615717e+01 9.5056890237e+00 -3.6627881175e+01
239 234 159
2 18 7067 447.5699 423.8400 17 3043 567.9100 427.8500
9.2099708759e+00 1.0207316111e+01 -3.8681571207e+01
219 224 128
2 18 7109 348.6200 430.4900 17 5913 467.7100 434.3900
-8.9420815297e+00 1.4618127123e+01 -5.5930213410e+01
198 211 180
2 18 7110 -190.5100 430.4000 20 6450 -517.9300 386.1000
1.8407569695e+01 8.4786090635e+00 -3.1388269946e+01
159 154 74
2 18 7111 759.0900 430.8400 20 6551 431.0699 404.5900
1.2646006261e+01 9.7780509313e+00 -3.6714705269e+01
233 227 122
2 18 7118 478.4900 431.7300 17 5928 601.0900 436.5200
7.3086582896e+00 1.0814694584e+01 -4.0622371103e+01
112 110 40
2 18 7141 274.1000 434.6300 17 5941 393.6500 437.9399
7.4837933418e+00 1.0974102354e+01 -4.1008937382e+01
224 216 137
2 18 7155 276.4800 436.5500 17 3100 396.6801 439.7800
1.6412797404e+01 9.5968355798e+00 -3.4798559594e+01
149 149 86
2 18 7178 627.8900 440.7500 17 6008 759.2800 447.2600
1.1892929536e+01 1.0594915062e+01 -3.8527526973e+01
136 132 60
2 18 7208 433.2500 443.7500 17 6010 556.4900 448.0300
1.2489036305e+01 1.0894990624e+01 -3.9228157184e+01
241 239 154
2 18 7236 443.6801 447.1700 17 6028 568.6899 452.0000
-1.3932111391e+01 2.1293549774e+01 -6.2520375190e+01
245 238 222
3 18 7482 -287.8100 535.5000 17 6296 -139.9900 535.5699 20 6781 -642.4700 495.4600
-2.0875146872e+00 -7.5057226776e-01 -4.1910100012e+00
24 28 33
2 19 7 242.2400 80.2900 20 6 314.9000 96.1400
-4.4106536250e+00 1.7863551038e+00 -5.6691111988e+00
50 68 87
2 19 11 -117.1400 368.8900 20 11 -67.6800 382.9500
-6.1564839259e+00 -1.2696042642e+00 -4.6368929740e+00
113 116 114
2 19 16 -317.1400 -31.4900 20 16 -232.9400 -26.7100
-9.2031132418e+00 6.8914713558e-01 -6.4305326811e+00
150 190 224
2 19 60 -703.1000 189.5000 20 51 -690.0600 194.7300
-1.3719003986e+00 -8.2041713587e-01 -3.7711276685e+00
13 15 14
2 19 131 357.5900 78.1300 20 125 429.5200 98.0200
-9.9511927778e-01 -7.8685135972e-01 -3.6425328125e+00
13 13 12
2 19 133 413.8800 86.7200 20 128 482.4800 107.3400
-2.5107439939e+00 -3.9409313365e-01 -3.9699062559e+00
154 167 177
2 19 142 192.9400 127.4400 20 216 274.4700 143.5700
-1.5113481421e+00 -4.3222007316e-01 -3.6970246204e+00
11 13 10
2 19 144 340.0300 132.0400 20 140 414.6000 150.6800
-8.2755254752e+00 -7.2993682013e-01 -6.6283685207e+00
116 117 109
2 19 213 -568.6100 23.3100 20 197 -542.5100 18.8000
-7.1474408974e+00 -4.5877778234e-01 -5.7532383551e+00
19 22 21
2 19 225 -446.6800 67.5800 17 324 -467.4400 147.1900
-1.1038727896e+00 -7.9125483229e-01 -3.6812165234e+00
147 156 167
2 19 227 397.4500 85.0700 20 325 467.0300 105.2500
-7.1562359002e+00 -3.3086069925e-01 -5.6925127212e+00
170 181 188
2 19 229 -450.0100 84.6400 20 201 -399.0100 88.0100
-1.2722528512e+00 -7.7178803586e-01 -3.6869354202e+00
156 166 175
2 19 231 375.0800 86.0500 20 205 447.0800 106.5600
-6.6401941273e+00 -3.4519294573e-01 -5.4968219118e+00
176 185 190
3 19 234 -385.0000 87.8600 17 332 -422.9100 162.6400 20 203 -326.4800 92.9600
-9.9634264567e-01 -6.7198057157e-01 -3.6111047915e+00
199 204 207
2 19 237 414.6700 103.4100 20 209 483.6600 122.8900
-4.6219064341e+00 -2.5061836483e-01 -4.7203223813e+00
132 148 163
2 19 245 -114.8700 123.3400 20 213 -36.8700 134.8400
2.2844671950e+01 8.1195984948e+00 -2.9380992803e+01
193 197 86
2 19 289 759.4900 409.4100 20 386 598.3000 409.5100
2.0399350927e+01 9.7133959031e+00 -3.3040512416e+01
126 131 63
2 19 295 602.5900 429.3900 20 251 450.9100 430.2900
2.0399350927e+01 9.7133959031e+00 -3.3040512416e+01
126 131 63
2 19 296 602.5900 429.3900 20 252 450.9100 430.2900
-6.8985621977e+00 -2.7804026132e-01 -5.5453638406e+00
152 157 173
2 19 354 -418.8700 94.4300 20 323 -363.4100 99.2200
-6.9254453144e+00 -1.2678336695e-01 -5.5184269832e+00
142 147 152
2 19 360 -424.1800 113.9600 20 330 -368.8800 119.8000
-7.0755952961e+00 -1.0023769168e-01 -5.5641984752e+00
148 153 158
2 19 362 -443.5900 115.7300 20 332 -390.2800 121.4300
-6.8526051642e+00 -7.1404627694e-02 -5.4670276857e+00
254 254 255
2 19 367 -415.7700 122.8500 20 334 -359.1000 128.0400
-1.2167505037e+00 -4.6869515026e-01 -3.5613910136e+00
117 125 124
3 19 371 387.2200 130.4200 17 330 228.7400 161.8500 20 343 460.1300 149.5200
-7.3570506676e+00 1.4247155936e-01 -5.5842370683e+00
85 85 85
2 19 377 -482.7100 144.9500 20 344 -432.6700 151.2300
-1.0066636283e+00 -2.2177908623e-01 -3.4132590869e+00
30 34 40
2 19 378 421.8900 169.2000 20 346 493.8900 187.5800
2.2379020270e+01 8.4955234133e+00 -3.0171865584e+01
204 203 98
2 19 430 725.4800 414.7900 20 606 566.5800 415.5600
2.1772589128e+01 8.8135155862e+00 -3.1320617144e+01
143 155 67
2 19 431 680.6600 414.9500 20 390 524.5601 416.2000
-8.9330875915e-01 -5.4985211185e-01 -3.5386091842e+00
17 17 16
2 19 554 431.5800 121.8400 20 523 500.0100 141.4800
-9.6321668190e-01 -3.1719912504e-01 -3.4486859097e+00
60 68 74
2 19 559 426.1801 155.6700 20 529 497.0000 173.8100
1.9179297225e+01 6.1260053850e+00 -2.6537773713e+01
89 94 65
2 19 585 716.6400 359.5300 20 859 567.1899 363.2000
1.9357875370e+01 6.9383389163e+00 -2.8086818689e+01
202 199 135
2 19 598 682.4100 376.9100 20 573 533.0100 379.4400
1.9880406916e+01 7.2004783767e+00 -2.8435613787e+01
104 113 63
2 19 604 690.5800 383.5300 20 578 539.4500 386.0600
1.9880406916e+01 7.2004783767e+00 -2.8435613787e+01
104 113 63
2 19 605 690.5800 383.5300 20 579 539.4500 386.0600
1.4991294908e+01 8.9519151697e+00 -3.4004583140e+01
148 163 77
2 19 613 424.9000 394.6900 20 586 286.1300 397.5100
1.9811098750e+01 8.0860732659e+00 -3.0212181336e+01
200 214 100
2 19 617 646.0900 399.4700 20 901 495.7800 401.3400
1.6711907685e+01 8.8592857433e+00 -3.3018928163e+01
174 180 76
2 19 618 493.9900 400.2000 20 592 351.8900 403.2800
2.3643123584e+01 8.1126127699e+00 -2.9537916501e+01
203 207 97
2 19 625 780.2200 407.8400 20 601 616.3101 408.0200
1.9874791115e+01 9.1052499049e+00 -3.2247006657e+01
203 184 117
2 19 635 603.7700 416.2300 20 609 453.5601 417.6800
2.1205514781e+01 8.8541574727e+00 -3.1175858327e+01
201 203 103
2 19 637 666.5300 417.6100 20 920 512.0601 418.7600
-6.9738647954e+00 -3.8515422988e-01 -5.6138186041e+00
174 182 188
2 19 799 -426.8300 79.6200 20 802 -372.8500 83.3000
-6.9738647954e+00 -3.8515422988e-01 -5.6138186041e+00
174 182 188
2 19 800 -426.8300 79.6200 20 803 -372.8500 83.3000
-4.4611313325e+00 7.1050367537e-01 -4.4266762137e+00
129 142 159
2 19 819 -97.6300 260.9300 17 1038 -201.9300 307.6200
1.9456557162e+01 5.6996164935e+00 -2.5714094681e+01
211 216 219
2 19 841 748.8800 350.5900 20 850 597.8400 353.9500
1.6886546735e+01 7.8071225469e+00 -3.0975550202e+01
212 204 123
2 19 869 538.8500 382.0400 20 884 397.2000 384.8700
1.7640880423e+01 7.8477020410e+00 -3.1018384990e+01
192 191 119
2 19 870 561.8900 383.4100 20 886 418.2200 386.0200
1.9352185335e+01 7.6959121577e+00 -2.9572281907e+01
104 105 44
2 19 879 646.4600 391.1500 20 1311 497.4800 393.4900
1.6733602962e+01 8.4002697866e+00 -3.2322184877e+01
239 224 180
2 19 880 507.9000 390.8500 20 893 366.1400 393.7700
1.7557714607e+01 9.1918750097e+00 -3.3080096205e+01
199 192 104
2 19 895 517.9700 411.0200 20 913 373.7100 413.6400
-1.3301248750e+00 -2.1779164240e-01 -3.5747882614e+00
27 30 29
2 19 1188 369.0500 165.1200 20 1221 442.9100 183.4700
-4.7339754934e+00 1.6901992508e-01 -4.5360880816e+00
204 216 224
2 19 1191 -131.7900 181.9900 20 1222 -50.3400 195.2600
-9.0463691822e+00 7.4442002254e-01 -6.2116541591e+00
110 130 155
2 19 1192 -691.4900 200.4000 20 1224 -673.1200 207.5000
1.6770153141e+01 6.3800190412e+00 -2.7873266335e+01
184 193 108
2 19 1228 602.2000 356.2000 20 2010 461.6100 360.4700
1.9954547171e+01 5.9696752011e+00 -2.6176025973e+01
89 82 53
2 19 1231 752.8900 356.9200 20 1255 600.1400 360.9500
1.9099870277e+01 6.3339330115e+00 -2.7046253290e+01
118 120 81
2 19 1242 700.6100 362.8900 20 1269 551.7300 366.6500
1.8432024092e+01 7.6258432790e+00 -2.9996550204e+01
123 128 66
2 19 1268 608.1801 384.3200 20 1303 462.2000 387.5500
1.9340547277e+01 7.8179880685e+00 -2.9837767402e+01
117 127 75
2 19 1278 640.0000 393.1000 20 2098 491.1100 395.4500
1.9340547277e+01 7.8179880685e+00 -2.9837767402e+01
117 127 75
2 19 1279 640.0000 393.1000 20 2099 491.1100 395.4500
1.7183235784e+01 8.6974881026e+00 -3.2683434110e+01
79 64 37
2 19 1293 514.7100 397.7900 20 1325 371.6500 400.8300
1.7911860097e+01 8.6026630292e+00 -3.2029952852e+01
101 107 62
2 19 1298 549.2500 400.5800 20 1328 404.4700 403.1400
2.2316498878e+01 8.1965348342e+00 -2.9795306374e+01
120 120 53
2 19 1311 733.0800 407.9100 20 1347 574.1801 408.7100
2.2831435475e+01 8.2396333763e+00 -2.9709226742e+01
210 216 93
2 19 1314 750.8600 410.4800 20 2143 590.0400 410.7900
2.3248514392e+01 8.2879748195e+00 -2.9770000015e+01
215 214 96
2 19 1320 762.0601 411.7600 20 3621 599.8000 411.8400
2.3568342470e+01 8.3802419100e+00 -2.9759109463e+01
120 120 65
2 19 1323 771.8700 415.0800 20 1363 608.3800 415.1200
1.8016248904e+01 9.8015147990e+00 -3.4479168064e+01
126 145 57
2 19 1331 506.3199 418.8300 20 1371 360.5900 421.2700
-5.1661332701e+00 2.9381422201e+00 -8.3076545137e+00
182 207 163
2 19 1333 -227.7700 419.0000 20 1390 -225.4000 432.0800
2.0467054923e+01 9.3734771437e+00 -3.2223330081e+01
139 134 79
2 19 1356 621.3800 425.5200 20 2189 469.3700 426.5601
1.6074991377e+01 1.0828377068e+01 -3.7356895032e+01
211 212 111
2 19 1357 403.9100 426.3400 17 1211 709.5000 466.1799
9.7985231487e-03 -2.4151248373e-02 -3.1785142524e+00
200 220 247
2 19 1873 568.9500 207.2600 20 1970 626.9399 225.6300
9.7985231487e-03 -2.4151248373e-02 -3.1785142524e+00
200 220 247
2 19 1874 568.9500 207.2600 20 1971 626.9399 225.6300
1.8496214386e+01 7.3269028512e+00 -2.9558011941e+01
119 112 73
2 19 1975 620.2700 377.7000 20 2046 474.1600 380.6100
1.9942942108e+01 7.0888158566e+00 -2.8242656155e+01
192 204 132
2 19 1985 697.4800 381.1400 20 2057 546.0500 383.8100
1.8341611935e+01 7.4278562426e+00 -2.9580639455e+01
110 108 56
2 19 1987 614.5400 381.0000 20 2059 468.8400 384.0000
1.9251125699e+01 7.4507854205e+00 -2.9328108333e+01
198 201 110
2 19 1995 649.2300 384.5500 20 2067 500.6000 386.9600
1.4823213993e+01 8.5668207872e+00 -3.3338461945e+01
188 194 104
2 19 2001 431.0000 386.9400 20 3537 293.0400 390.7900
1.0663956637e+01 9.7890463488e+00 -3.7639075910e+01
221 210 130
2 19 2008 244.5400 389.7600 17 1778 524.5800 429.3400
2.0335023345e+01 7.4984194403e+00 -2.8867408199e+01
203 215 135
2 19 2010 694.3400 390.8200 20 2087 541.8101 392.7300
2.1904829606e+01 7.5050469362e+00 -2.8563539987e+01
131 120 78
2 19 2020 751.6801 394.2100 20 2102 593.2600 395.9800
1.9049654862e+01 8.3280451274e+00 -3.1002140328e+01
147 140 82
2 19 2036 605.2000 400.4800 20 3584 457.3199 402.8500
1.9049654862e+01 8.3280451274e+00 -3.1002140328e+01
147 140 82
2 19 2038 605.2000 400.4800 20 3586 457.3199 402.8500
1.7488199855e+01 8.8541853944e+00 -3.2768472729e+01
199 202 110
2 19 2044 522.1700 402.6100 20 2123 378.3000 405.0800
2.1006120056e+01 8.2683590767e+00 -3.0165331547e+01
206 211 117
2 19 2055 683.9200 406.6200 20 2130 529.7000 407.9700
2.3404477850e+01 8.0200197631e+00 -2.9163472215e+01
204 203 96
2 19 2058 782.4200 407.7800 20 3607 618.9100 408.3700
1.9249855492e+01 8.6900385896e+00 -3.1544548249e+01
147 131 55
2 19 2059 599.6100 408.2700 20 2141 451.1300 410.1700
1.9249855492e+01 8.6900385896e+00 -3.1544548249e+01
147 131 55
2 19 2061 599.6100 408.2700 20 2142 451.1300 410.1700
1.0321052061e+01 1.2156181452e+01 -4.2476491355e+01
229 218 124
2 19 2096 183.3200 422.4600 17 1209 472.8300 463.9500
-7.0085158579e+00 -8.9702567221e-01 -5.7060322360e+00
119 119 114
2 19 3109 -425.2900 13.4300 20 3328 -371.4900 13.7400
-1.2312778675e+00 -7.1312613887e-01 -3.6423725412e+00
19 27 53
2 19 3134 382.5699 95.2600 20 3349 454.7200 115.0500
-4.3623429849e+00 -3.2671006669e-01 -4.5479760394e+00
49 58 66
2 19 3137 -76.2800 116.5300 20 6189 5.3500 128.9400
-1.5799890724e+00 -4.9649442627e-01 -3.7564080454e+00
84 79 91
2 19 3142 328.2700 121.5100 17 1609 175.2900 156.6100
-7.2925539081e+00 6.7051229905e-02 -5.6250449846e+00
255 254 253
2 19 3149 -472.7000 135.0500 20 3355 -422.7800 141.2700
-4.7031072981e+00 1.8604620540e-01 -4.5146503322e+00
27 39 54
2 19 3157 -127.4300 185.0700 20 1963 -45.5600 198.1200
-4.2442534092e+00 6.9882174199e-01 -4.2300397709e+00
223 241 243
2 19 3170 -63.9900 265.2100 20 6221 21.7100 280.0800
1.8600018572e+01 5.7599929065e+00 -2.5947768516e+01
210 215 217
2 19 3239 712.8800 350.0500 20 3414 565.3900 354.2100
1.9370314302e+01 5.8586568937e+00 -2.6380244338e+01
209 214 215
2 19 3246 727.9200 350.5700 20 2000 577.7600 354.6900
1.9279437758e+01 5.8851600631e+00 -2.6135413712e+01
145 132 108
2 19 3257 731.1100 353.7400 20 3426 581.0601 357.6600
1.7157360143e+01 6.8169667244e+00 -2.8818916211e+01
198 210 127
2 19 3286 593.5699 364.5600 20 3449 451.6400 368.6900
1.9095599130e+01 7.2028514135e+00 -2.9226105727e+01
128 123 60
2 19 3329 647.1300 376.3600 20 3486 499.0900 379.1800
-1.6984965365e+01 1.6464891637e+01 -6.3009034776e+01
233 216 167
2 19 3333 -529.2200 376.3700 17 3059 -200.2200 432.2300
1.8641740664e+01 7.3804881642e+00 -2.9496242397e+01
225 207 138
2 19 3346 626.1500 380.1000 20 3506 479.5300 383.1700
2.0949839838e+01 7.1134770165e+00 -2.8298583203e+01
134 131 78
2 19 3359 728.6700 382.1300 20 3512 573.7000 384.2200
1.8266439304e+01 7.7934210515e+00 -3.0429946934e+01
95 96 48
2 19 3372 593.5400 386.5400 20 3534 448.0601 389.5000
1.3283928793e+01 9.2054417251e+00 -3.5595942245e+01
215 213 100
2 19 3383 349.3900 388.9100 17 1773 636.5699 426.3000
2.2726584301e+01 7.9548242225e+00 -2.9401506584e+01
141 145 49
2 19 3427 755.7500 403.1400 20 3588 595.0900 403.9600
2.3426805499e+01 8.1091278697e+00 -2.9419474655e+01
205 207 95
2 19 3448 776.5200 408.7800 20 6578 613.2500 408.9000
2.2227837252e+01 8.4969259520e+00 -3.0431928439e+01
126 122 51
2 19 3457 714.8900 412.4700 20 3625 556.7600 413.2600
2.2227837252e+01 8.4969259520e+00 -3.0431928439e+01
126 122 51
2 19 3458 714.8900 412.4700 20 3626 556.7600 413.2600
2.2717547843e+01 8.4610652574e+00 -3.0120162728e+01
132 121 73
2 19 3465 737.1000 414.3400 20 3629 577.0200 414.6500
2.3185838977e+01 8.5228988071e+00 -3.0177963299e+01
110 109 48
2 19 3472 749.8400 416.0100 20 3634 588.1600 416.2400
1.8466950848e+01 9.3712126778e+00 -3.3156562569e+01
112 117 44
2 19 3474 543.6700 416.7000 20 3651 397.1400 418.5600
2.2891668311e+01 8.5991218880e+00 -3.0281201593e+01
179 176 106
2 19 3475 738.3000 417.6700 20 3645 577.7200 417.8300
1.6992143558e+01 9.9367415485e+00 -3.4674637300e+01
211 205 127
2 19 3494 472.4800 421.4600 20 3660 328.8700 423.7300
1.6992143558e+01 9.9367415485e+00 -3.4674637300e+01
211 205 127
2 19 3495 472.4800 421.4600 20 3661 328.8700 423.7300
1.8419106216e+01 9.6595848884e+00 -3.3566807547e+01
131 120 62
2 19 3498 534.2400 422.4600 20 3664 387.6801 424.3800
2.1083405717e+01 9.2793940723e+00 -3.2161103276e+01
134 120 74
2 19 3501 641.2900 423.0400 20 3663 487.5500 423.9800
1.4404068660e+01 1.1335349191e+01 -3.8999911966e+01
233 222 151
2 19 3516 334.2300 427.6600 17 3169 633.2000 468.0000
-1.4793136485e+01 2.3154310711e+01 -6.3110992861e+01
76 72 61
2 19 3594 -488.6200 520.6000 17 6349 -155.1100 568.9800
-7.2488932050e+00 -5.3569388717e-01 -5.7906490377e+00
189 190 199
2 19 5701 -458.5600 57.0800 20 6149 -409.4100 59.0500
-1.5025279858e+00 -8.5838689789e-01 -3.8103738248e+00
153 147 145
3 19 5708 338.7200 71.7700 17 5430 185.1600 104.9300 20 6164 411.8000 91.3000
-1.4409573248e+00 -6.5604323386e-01 -3.7654129076e+00
92 95 94
2 19 5716 347.4301 100.7000 20 6179 420.1100 119.6600
-6.7773809733e+00 -1.8071421150e-01 -5.4880413033e+00
142 142 133
2 19 5721 -404.4900 108.3600 20 6174 -347.5200 114.3700
-6.9184283119e+00 -1.6053231633e-01 -5.5333848939e+00
50 55 82
2 19 5723 -422.7300 109.5700 20 6175 -367.5800 115.0800
3.9299358303e-01 2.5560665414e-01 -5.9985336552e+00
0 0 255
0
-7.3065104956e+00 5.8503670082e-01 -5.4249642669e+00
160 179 177
2 19 5766 -482.9900 204.9300 17 5500 -500.6300 270.0800
-4.5219791426e+00 6.9578018694e-01 -4.3454364873e+00
235 245 253
2 19 5779 -104.7400 260.2700 20 6218 -20.9200 275.3000
-4.5014360129e+00 7.0613075514e-01 -4.3382173215e+00
69 78 95
2 19 5784 -101.8600 262.0300 20 6219 -17.9600 277.0500
-2.8154864242e+00 9.2749970513e-01 -3.7829964686e+00
169 176 176
2 19 5810 146.0700 316.3900 20 6242 231.4700 331.4200
1.8639411735e+01 5.3703434382e+00 -2.5695620764e+01
183 190 182
2 19 5858 721.9100 336.5600 20 6274 574.2900 341.7100
-2.9743299258e+00 1.2654759623e+00 -4.0022347320e+00
232 244 252
2 19 5931 112.6500 356.6300 20 6385 193.1600 371.8800
1.8784662374e+01 6.2105255525e+00 -2.6900397812e+01
240 220 171
2 19 5943 693.8800 359.4800 20 6341 546.1400 362.9900
1.8784662374e+01 6.2105255525e+00 -2.6900397812e+01
240 220 171
2 19 5944 693.8800 359.4800 20 6342 546.1400 362.9900
1.4415160518e+01 7.9279021811e+00 -3.2575394258e+01
179 189 112
2 19 5997 431.8600 371.4000 17 5755 720.5200 405.9800
-1.7159917665e+01 1.6408916318e+01 -6.3069776723e+01
236 224 174
3 19 6009 -532.5600 374.8000 17 5893 -203.5600 430.5800 20 3493 -708.9400 379.9200
1.6754471442e+01 8.4884456219e+00 -3.2546183724e+01
217 204 154
2 19 6089 504.3900 391.9800 20 6508 362.5000 394.8000
1.6595873689e+01 8.6102755590e+00 -3.2636929410e+01
203 218 121
2 19 6104 497.6000 394.9700 20 6526 355.9700 398.3700
1.8663032670e+01 8.1437528975e+00 -3.0822046553e+01
215 214 117
2 19 6111 597.2200 395.5900 20 6523 450.5000 398.1000
1.8663032670e+01 8.1437528975e+00 -3.0822046553e+01
215 214 117
2 19 6112 597.2200 395.5900 20 6524 450.5000 398.1000
1.8703344005e+01 8.2258917742e+00 -3.1054191389e+01
202 198 105
2 19 6119 593.6100 396.4600 20 6530 446.7900 398.8500
9.9690103634e+00 1.0364457963e+01 -3.8942606603e+01
234 217 137
2 19 6125 209.3200 397.1700 17 5939 490.1000 437.2800
1.7189819208e+01 8.7800443347e+00 -3.2714229970e+01
92 88 24
2 19 6138 514.1600 400.3900 20 6541 371.0400 403.2000
1.7189819208e+01 8.7800443347e+00 -3.2714229970e+01
92 88 24
2 19 6139 514.1600 400.3900 20 6542 371.0400 403.2000
-9.1205507716e-01 -4.9416055741e-01 -3.4871289580e+00
170 184 191
2 17 708 273.6801 158.0100 20 819 501.6000 149.9100
2.7458925836e+01 2.2707829815e+01 -7.2720520914e+01
246 248 235
2 17 846 649.2100 508.0500 20 957 133.0700 465.2700
-1.3708929534e+01 1.4154340036e+01 -5.7609693846e+01
218 227 186
2 17 2976 -154.0800 412.2300 20 2011 -636.2000 360.5300
-4.7938303534e+00 -8.4485386593e-02 -7.5968502637e+00
159 169 168
2 17 5462 -167.8700 173.9600 20 6187 -143.2900 126.9100
